Using pre-set license
Built from '2021.2/staging' branch; Version is '2021.2.13f1 (90b6766da538) revision 9483894'; Using compiler version '192829333'; Build Type 'Release'
OS: 'Windows 10  (10.0.19045) 64bit Professional' Language: 'fr' Physical Memory: 16339 MB
BatchMode: 1, IsHumanControllingUs: 0, StartBugReporterOnCrash: 0, Is64bit: 1, IsPro: 1

COMMAND LINE ARGUMENTS:
E:\Unity\2021.2.13f1\Editor\Unity.exe
-adb2
-batchMode
-noUpm
-name
AssetImportWorker0
-projectPath
E:/Unity_Projects/LC_Unity/LC_Unity
-logFile
Logs/AssetImportWorker0.log
-srvPort
60855
Successfully changed project path to: E:/Unity_Projects/LC_Unity/LC_Unity
E:/Unity_Projects/LC_Unity/LC_Unity
[UnityMemory] Configuration Parameters - Can be set up in boot.config
    "memorysetup-bucket-allocator-granularity=16"
    "memorysetup-bucket-allocator-bucket-count=8"
    "memorysetup-bucket-allocator-block-size=33554432"
    "memorysetup-bucket-allocator-block-count=8"
    "memorysetup-main-allocator-block-size=16777216"
    "memorysetup-thread-allocator-block-size=16777216"
    "memorysetup-gfx-main-allocator-block-size=16777216"
    "memorysetup-gfx-thread-allocator-block-size=16777216"
    "memorysetup-cache-allocator-block-size=4194304"
    "memorysetup-typetree-allocator-block-size=2097152"
    "memorysetup-profiler-bucket-allocator-granularity=16"
    "memorysetup-profiler-bucket-allocator-bucket-count=8"
    "memorysetup-profiler-bucket-allocator-block-size=33554432"
    "memorysetup-profiler-bucket-allocator-block-count=8"
    "memorysetup-profiler-allocator-block-size=16777216"
    "memorysetup-profiler-editor-allocator-block-size=1048576"
    "memorysetup-temp-allocator-size-main=16777216"
    "memorysetup-job-temp-allocator-block-size=2097152"
    "memorysetup-job-temp-allocator-block-size-background=1048576"
    "memorysetup-job-temp-allocator-reduction-small-platforms=262144"
    "memorysetup-temp-allocator-size-background-worker=32768"
    "memorysetup-temp-allocator-size-job-worker=262144"
    "memorysetup-temp-allocator-size-preload-manager=33554432"
    "memorysetup-temp-allocator-size-nav-mesh-worker=65536"
    "memorysetup-temp-allocator-size-audio-worker=65536"
    "memorysetup-temp-allocator-size-cloud-worker=32768"
    "memorysetup-temp-allocator-size-gi-baking-worker=262144"
    "memorysetup-temp-allocator-size-gfx=262144"
Refreshing native plugins compatible for Editor in 76.10 ms, found 2 plugins.
Preloading 0 native plugins for Editor in 0.00 ms.
Initialize engine version: 2021.2.13f1 (90b6766da538)
[Subsystems] Discovering subsystems at path E:/Unity/2021.2.13f1/Editor/Data/Resources/UnitySubsystems
[Subsystems] Discovering subsystems at path E:/Unity_Projects/LC_Unity/LC_Unity/Assets
GfxDevice: creating device client; threaded=0; jobified=0
Direct3D:
    Version:  Direct3D 11.0 [level 11.1]
    Renderer: NVIDIA GeForce GTX 1060 6GB (ID=0x1c03)
    Vendor:   NVIDIA
    VRAM:     6029 MB
    Driver:   32.0.15.6614
Initialize mono
Mono path[0] = 'E:/Unity/2021.2.13f1/Editor/Data/Managed'
Mono path[1] = 'E:/Unity/2021.2.13f1/Editor/Data/MonoBleedingEdge/lib/mono/unityjit-win32'
Mono config path = 'E:/Unity/2021.2.13f1/Editor/Data/MonoBleedingEdge/etc'
Using monoOptions --debugger-agent=transport=dt_socket,embedding=1,server=y,suspend=n,address=127.0.0.1:56512
Begin MonoManager ReloadAssembly
Registering precompiled unity dll's ...
Register platform support module: E:/Unity/2021.2.13f1/Editor/Data/PlaybackEngines/AndroidPlayer/UnityEditor.Android.Extensions.dll
Register platform support module: E:/Unity/2021.2.13f1/Editor/Data/PlaybackEngines/WindowsStandaloneSupport/UnityEditor.WindowsStandalone.Extensions.dll
Registered in 0.004314 seconds.
Native extension for WindowsStandalone target not found
Native extension for Android target not found
Refreshing native plugins compatible for Editor in 57.78 ms, found 2 plugins.
Preloading 0 native plugins for Editor in 0.00 ms.
Mono: successfully reloaded assembly
- Completed reload, in  0.874 seconds
Domain Reload Profiling:
	ReloadAssembly (875ms)
		BeginReloadAssembly (96ms)
			ExecutionOrderSort (0ms)
			DisableScriptedObjects (0ms)
			BackupInstance (0ms)
			ReleaseScriptingObjects (0ms)
			CreateAndSetChildDomain (1ms)
		EndReloadAssembly (646ms)
			LoadAssemblies (96ms)
			RebuildTransferFunctionScriptingTraits (0ms)
			SetupTypeCache (139ms)
			ReleaseScriptCaches (0ms)
			RebuildScriptCaches (42ms)
			SetupLoadedEditorAssemblies (397ms)
				LogAssemblyErrors (0ms)
				InitializePlatformSupportModulesInManaged (76ms)
				SetLoadedEditorAssemblies (0ms)
				RefreshPlugins (58ms)
				BeforeProcessingInitializeOnLoad (4ms)
				ProcessInitializeOnLoadAttributes (174ms)
				ProcessInitializeOnLoadMethodAttributes (82ms)
				AfterProcessingInitializeOnLoad (0ms)
				EditorAssembliesLoaded (2ms)
			ExecutionOrderSort2 (0ms)
			AwakeInstancesAfterBackupRestoration (0ms)
Platform modules already initialized, skipping
Registering precompiled user dll's ...
Registered in 0.002792 seconds.
Android Extension - Scanning For ADB Devices 771 ms
Begin MonoManager ReloadAssembly
Native extension for WindowsStandalone target not found
Native extension for Android target not found
Refreshing native plugins compatible for Editor in 0.66 ms, found 2 plugins.
Preloading 0 native plugins for Editor in 0.00 ms.
Mono: successfully reloaded assembly
- Completed reload, in  1.371 seconds
Domain Reload Profiling:
	ReloadAssembly (1372ms)
		BeginReloadAssembly (173ms)
			ExecutionOrderSort (0ms)
			DisableScriptedObjects (25ms)
			BackupInstance (0ms)
			ReleaseScriptingObjects (0ms)
			CreateAndSetChildDomain (25ms)
		EndReloadAssembly (998ms)
			LoadAssemblies (110ms)
			RebuildTransferFunctionScriptingTraits (0ms)
			SetupTypeCache (240ms)
			ReleaseScriptCaches (1ms)
			RebuildScriptCaches (97ms)
			SetupLoadedEditorAssemblies (493ms)
				LogAssemblyErrors (0ms)
				InitializePlatformSupportModulesInManaged (23ms)
				SetLoadedEditorAssemblies (1ms)
				RefreshPlugins (1ms)
				BeforeProcessingInitializeOnLoad (73ms)
				ProcessInitializeOnLoadAttributes (341ms)
				ProcessInitializeOnLoadMethodAttributes (50ms)
				AfterProcessingInitializeOnLoad (5ms)
				EditorAssembliesLoaded (0ms)
			ExecutionOrderSort2 (0ms)
			AwakeInstancesAfterBackupRestoration (8ms)
Platform modules already initialized, skipping
========================================================================
Worker process is ready to serve import requests
Launched and connected shader compiler UnityShaderCompiler.exe after 0.07 seconds
Refreshing native plugins compatible for Editor in 0.66 ms, found 2 plugins.
Preloading 0 native plugins for Editor in 0.00 ms.
Unloading 2279 Unused Serialized files (Serialized files now loaded: 0)
Unloading 20 unused Assets / (55.9 KB). Loaded Objects now: 2751.
Memory consumption went from 90.1 MB to 90.1 MB.
Total: 4.855500 ms (FindLiveObjects: 0.279200 ms CreateObjectMapping: 0.199200 ms MarkObjects: 4.267900 ms  DeleteObjects: 0.107400 ms)

AssetImportParameters requested are different than current active one (requested -> active):
  custom:video-decoder-ogg-theora: a1e56fd34408186e4bbccfd4996cb3dc -> 
  custom:container-muxer-webm: aa71ff27fc2769a1b78a27578f13a17b -> 
  custom:container-demuxer-webm: 4f35f7cbe854078d1ac9338744f61a02 -> 
  custom:video-encoder-webm-vp8: eb34c28f22e8b96e1ab97ce403110664 -> 
  custom:audio-encoder-webm-vorbis: bf7c407c2cedff20999df2af8eb42d56 -> 
  custom:framework-win-MediaFoundation: 216162199b28c13a410421893ffa2e32 -> 
  custom:container-demuxer-ogg: 62fdf1f143b41e24485cea50d1cbac27 -> 
  custom:video-decoder-webm-vp8: 9c59270c3fd7afecdb556c50c9e8de78 -> 
  custom:audio-decoder-ogg-vorbis: bf7c407c2cedff20999df2af8eb42d56 -> 
========================================================================
Received Import Request.
  Time since last request: 1707175.705180 seconds.
  path: Assets/Data/Maps/Intro/MapIntro4_Monticules.png
  artifactKey: Guid(dbb7a25d7339d8e4ea81c6384975373f) Importer(815301076,1909f56bfc062723c751e8b465ee728b)
Start importing Assets/Data/Maps/Intro/MapIntro4_Monticules.png using Guid(dbb7a25d7339d8e4ea81c6384975373f) Importer(815301076,1909f56bfc062723c751e8b465ee728b)  -> (artifact id: '5718fd349c5e94f3d63c375eaed625a0') in 0.224252 seconds 
========================================================================
Received Import Request.
  Time since last request: 0.000097 seconds.
  path: Assets/Data/Maps/Intro/MapIntro4_Ground.png
  artifactKey: Guid(411b7583fb5342946970c3e751c8cc2e) Importer(815301076,1909f56bfc062723c751e8b465ee728b)
Start importing Assets/Data/Maps/Intro/MapIntro4_Ground.png using Guid(411b7583fb5342946970c3e751c8cc2e) Importer(815301076,1909f56bfc062723c751e8b465ee728b)  -> (artifact id: '2d4ba8e11c620fd825a778930b7f3c79') in 0.044406 seconds 
========================================================================
Received Import Request.
  Time since last request: 6.381399 seconds.
  path: Assets/Data/Maps/Intro/MapIntro4_Monticules.png
  artifactKey: Guid(dbb7a25d7339d8e4ea81c6384975373f) Importer(815301076,1909f56bfc062723c751e8b465ee728b)
Start importing Assets/Data/Maps/Intro/MapIntro4_Monticules.png using Guid(dbb7a25d7339d8e4ea81c6384975373f) Importer(815301076,1909f56bfc062723c751e8b465ee728b)  -> (artifact id: '6f0b2189bc7755434cd26833f272e488') in 0.027745 seconds 
========================================================================
Received Import Request.
  Time since last request: 0.015523 seconds.
  path: Assets/Data/Maps/Intro/MapIntro4_Ground.png
  artifactKey: Guid(411b7583fb5342946970c3e751c8cc2e) Importer(815301076,1909f56bfc062723c751e8b465ee728b)
Start importing Assets/Data/Maps/Intro/MapIntro4_Ground.png using Guid(411b7583fb5342946970c3e751c8cc2e) Importer(815301076,1909f56bfc062723c751e8b465ee728b)  -> (artifact id: 'e3da797c7adfbc4bef30a9bf5abcb0f9') in 0.025754 seconds 
========================================================================
Received Import Request.
  Time since last request: 106.319398 seconds.
  path: Assets/Data/Maps/Intro/Intro_FourthPart.prefab
  artifactKey: Guid(3234f6d8488984c49847583627e07b72) Importer(815301076,1909f56bfc062723c751e8b465ee728b)
Start importing Assets/Data/Maps/Intro/Intro_FourthPart.prefab using Guid(3234f6d8488984c49847583627e07b72) Importer(815301076,1909f56bfc062723c751e8b465ee728b)  -> (artifact id: '1aef321df1c3eb37a6c74e8043927e68') in 0.123468 seconds 
========================================================================
Received Import Request.
  Time since last request: 94.077118 seconds.
  path: Assets/Data/Maps/Intro/Intro_FourthPart.prefab
  artifactKey: Guid(3234f6d8488984c49847583627e07b72) Importer(815301076,1909f56bfc062723c751e8b465ee728b)
Start importing Assets/Data/Maps/Intro/Intro_FourthPart.prefab using Guid(3234f6d8488984c49847583627e07b72) Importer(815301076,1909f56bfc062723c751e8b465ee728b)  -> (artifact id: 'e5fc4a95f580a0c3f36b2f19d6b48347') in 0.069053 seconds 
========================================================================
Received Import Request.
  Time since last request: 6.055451 seconds.
  path: Assets/Data/Maps/Intro/Intro_FourthPart.prefab
  artifactKey: Guid(3234f6d8488984c49847583627e07b72) Importer(815301076,1909f56bfc062723c751e8b465ee728b)
Start importing Assets/Data/Maps/Intro/Intro_FourthPart.prefab using Guid(3234f6d8488984c49847583627e07b72) Importer(815301076,1909f56bfc062723c751e8b465ee728b)  -> (artifact id: '6e8099efb9ef1bef641422cb1a2f431a') in 0.037073 seconds 
========================================================================
Received Prepare
Registering precompiled user dll's ...
Registered in 0.002732 seconds.
Begin MonoManager ReloadAssembly
Native extension for WindowsStandalone target not found
Native extension for Android target not found
Refreshing native plugins compatible for Editor in 0.71 ms, found 2 plugins.
Preloading 0 native plugins for Editor in 0.00 ms.
Mono: successfully reloaded assembly
- Completed reload, in  1.271 seconds
Domain Reload Profiling:
	ReloadAssembly (1272ms)
		BeginReloadAssembly (152ms)
			ExecutionOrderSort (0ms)
			DisableScriptedObjects (9ms)
			BackupInstance (0ms)
			ReleaseScriptingObjects (0ms)
			CreateAndSetChildDomain (40ms)
		EndReloadAssembly (1005ms)
			LoadAssemblies (92ms)
			RebuildTransferFunctionScriptingTraits (0ms)
			SetupTypeCache (228ms)
			ReleaseScriptCaches (2ms)
			RebuildScriptCaches (75ms)
			SetupLoadedEditorAssemblies (533ms)
				LogAssemblyErrors (0ms)
				InitializePlatformSupportModulesInManaged (33ms)
				SetLoadedEditorAssemblies (1ms)
				RefreshPlugins (1ms)
				BeforeProcessingInitializeOnLoad (80ms)
				ProcessInitializeOnLoadAttributes (361ms)
				ProcessInitializeOnLoadMethodAttributes (52ms)
				AfterProcessingInitializeOnLoad (5ms)
				EditorAssembliesLoaded (0ms)
			ExecutionOrderSort2 (0ms)
			AwakeInstancesAfterBackupRestoration (11ms)
Platform modules already initialized, skipping
Refreshing native plugins compatible for Editor in 2.11 ms, found 2 plugins.
Preloading 0 native plugins for Editor in 0.00 ms.
Unloading 2261 Unused Serialized files (Serialized files now loaded: 0)
Unloading 9 unused Assets / (31.7 KB). Loaded Objects now: 2762.
Memory consumption went from 92.6 MB to 92.6 MB.
Total: 4.285000 ms (FindLiveObjects: 0.250200 ms CreateObjectMapping: 0.056400 ms MarkObjects: 3.956700 ms  DeleteObjects: 0.020300 ms)

AssetImportParameters requested are different than current active one (requested -> active):
  custom:video-decoder-ogg-theora: a1e56fd34408186e4bbccfd4996cb3dc -> 
  custom:container-muxer-webm: aa71ff27fc2769a1b78a27578f13a17b -> 
  custom:container-demuxer-webm: 4f35f7cbe854078d1ac9338744f61a02 -> 
  custom:video-encoder-webm-vp8: eb34c28f22e8b96e1ab97ce403110664 -> 
  custom:audio-encoder-webm-vorbis: bf7c407c2cedff20999df2af8eb42d56 -> 
  custom:framework-win-MediaFoundation: 216162199b28c13a410421893ffa2e32 -> 
  custom:container-demuxer-ogg: 62fdf1f143b41e24485cea50d1cbac27 -> 
  custom:video-decoder-webm-vp8: 9c59270c3fd7afecdb556c50c9e8de78 -> 
  custom:audio-decoder-ogg-vorbis: bf7c407c2cedff20999df2af8eb42d56 -> 
========================================================================
Received Import Request.
  Time since last request: 248.121162 seconds.
  path: Assets/Data/Maps/Intro/Intro_FourthPart.prefab
  artifactKey: Guid(3234f6d8488984c49847583627e07b72) Importer(815301076,1909f56bfc062723c751e8b465ee728b)
Start importing Assets/Data/Maps/Intro/Intro_FourthPart.prefab using Guid(3234f6d8488984c49847583627e07b72) Importer(815301076,1909f56bfc062723c751e8b465ee728b)  -> (artifact id: 'bffd89de00e5f2f4e488a851f1d7436d') in 0.153055 seconds 
========================================================================
Received Prepare
Registering precompiled user dll's ...
Registered in 0.002310 seconds.
Begin MonoManager ReloadAssembly
Native extension for WindowsStandalone target not found
Native extension for Android target not found
Refreshing native plugins compatible for Editor in 0.58 ms, found 2 plugins.
Preloading 0 native plugins for Editor in 0.00 ms.
Mono: successfully reloaded assembly
- Completed reload, in  1.297 seconds
Domain Reload Profiling:
	ReloadAssembly (1298ms)
		BeginReloadAssembly (152ms)
			ExecutionOrderSort (0ms)
			DisableScriptedObjects (8ms)
			BackupInstance (0ms)
			ReleaseScriptingObjects (0ms)
			CreateAndSetChildDomain (38ms)
		EndReloadAssembly (1033ms)
			LoadAssemblies (95ms)
			RebuildTransferFunctionScriptingTraits (0ms)
			SetupTypeCache (242ms)
			ReleaseScriptCaches (3ms)
			RebuildScriptCaches (102ms)
			SetupLoadedEditorAssemblies (511ms)
				LogAssemblyErrors (0ms)
				InitializePlatformSupportModulesInManaged (36ms)
				SetLoadedEditorAssemblies (1ms)
				RefreshPlugins (1ms)
				BeforeProcessingInitializeOnLoad (81ms)
				ProcessInitializeOnLoadAttributes (337ms)
				ProcessInitializeOnLoadMethodAttributes (49ms)
				AfterProcessingInitializeOnLoad (6ms)
				EditorAssembliesLoaded (0ms)
			ExecutionOrderSort2 (0ms)
			AwakeInstancesAfterBackupRestoration (11ms)
Platform modules already initialized, skipping
Refreshing native plugins compatible for Editor in 12.62 ms, found 2 plugins.
Preloading 0 native plugins for Editor in 0.00 ms.
Unloading 2261 Unused Serialized files (Serialized files now loaded: 0)
Unloading 9 unused Assets / (31.7 KB). Loaded Objects now: 2764.
Memory consumption went from 92.6 MB to 92.6 MB.
Total: 4.661600 ms (FindLiveObjects: 0.486000 ms CreateObjectMapping: 0.164400 ms MarkObjects: 3.987100 ms  DeleteObjects: 0.022300 ms)

AssetImportParameters requested are different than current active one (requested -> active):
  custom:video-decoder-ogg-theora: a1e56fd34408186e4bbccfd4996cb3dc -> 
  custom:container-muxer-webm: aa71ff27fc2769a1b78a27578f13a17b -> 
  custom:container-demuxer-webm: 4f35f7cbe854078d1ac9338744f61a02 -> 
  custom:video-encoder-webm-vp8: eb34c28f22e8b96e1ab97ce403110664 -> 
  custom:audio-encoder-webm-vorbis: bf7c407c2cedff20999df2af8eb42d56 -> 
  custom:framework-win-MediaFoundation: 216162199b28c13a410421893ffa2e32 -> 
  custom:container-demuxer-ogg: 62fdf1f143b41e24485cea50d1cbac27 -> 
  custom:video-decoder-webm-vp8: 9c59270c3fd7afecdb556c50c9e8de78 -> 
  custom:audio-decoder-ogg-vorbis: bf7c407c2cedff20999df2af8eb42d56 -> 
========================================================================
Received Import Request.
  Time since last request: 1283.996410 seconds.
  path: Assets/Data/Maps/Intro/Intro_FourthPart.prefab
  artifactKey: Guid(3234f6d8488984c49847583627e07b72) Importer(815301076,1909f56bfc062723c751e8b465ee728b)
Start importing Assets/Data/Maps/Intro/Intro_FourthPart.prefab using Guid(3234f6d8488984c49847583627e07b72) Importer(815301076,1909f56bfc062723c751e8b465ee728b)  -> (artifact id: 'c9de95a421dece63fed93d90b6d7370e') in 0.128970 seconds 
========================================================================
Received Import Request.
  Time since last request: 0.000033 seconds.
  path: Assets/Data/Maps/Intro/MapIntro4_Monticules.png
  artifactKey: Guid(dbb7a25d7339d8e4ea81c6384975373f) Importer(815301076,1909f56bfc062723c751e8b465ee728b)
Start importing Assets/Data/Maps/Intro/MapIntro4_Monticules.png using Guid(dbb7a25d7339d8e4ea81c6384975373f) Importer(815301076,1909f56bfc062723c751e8b465ee728b)  -> (artifact id: 'b7f4e9d3ef0b09506d43c34a02614778') in 0.056099 seconds 
========================================================================
Received Import Request.
  Time since last request: 19.814639 seconds.
  path: Assets/Data/Maps/Intro/Intro_FourthPart.prefab
  artifactKey: Guid(3234f6d8488984c49847583627e07b72) Importer(815301076,1909f56bfc062723c751e8b465ee728b)
Start importing Assets/Data/Maps/Intro/Intro_FourthPart.prefab using Guid(3234f6d8488984c49847583627e07b72) Importer(815301076,1909f56bfc062723c751e8b465ee728b)  -> (artifact id: '5abcddb8decdb8b9f4495a21e16cc7ff') in 0.034186 seconds 
========================================================================
Received Prepare
Registering precompiled user dll's ...
Registered in 0.002411 seconds.
Begin MonoManager ReloadAssembly
Native extension for WindowsStandalone target not found
Native extension for Android target not found
Refreshing native plugins compatible for Editor in 0.96 ms, found 2 plugins.
Preloading 0 native plugins for Editor in 0.00 ms.
Mono: successfully reloaded assembly
- Completed reload, in  1.306 seconds
Domain Reload Profiling:
	ReloadAssembly (1307ms)
		BeginReloadAssembly (173ms)
			ExecutionOrderSort (0ms)
			DisableScriptedObjects (8ms)
			BackupInstance (0ms)
			ReleaseScriptingObjects (0ms)
			CreateAndSetChildDomain (38ms)
		EndReloadAssembly (1017ms)
			LoadAssemblies (115ms)
			RebuildTransferFunctionScriptingTraits (0ms)
			SetupTypeCache (221ms)
			ReleaseScriptCaches (2ms)
			RebuildScriptCaches (99ms)
			SetupLoadedEditorAssemblies (521ms)
				LogAssemblyErrors (0ms)
				InitializePlatformSupportModulesInManaged (35ms)
				SetLoadedEditorAssemblies (1ms)
				RefreshPlugins (1ms)
				BeforeProcessingInitializeOnLoad (83ms)
				ProcessInitializeOnLoadAttributes (345ms)
				ProcessInitializeOnLoadMethodAttributes (52ms)
				AfterProcessingInitializeOnLoad (4ms)
				EditorAssembliesLoaded (0ms)
			ExecutionOrderSort2 (0ms)
			AwakeInstancesAfterBackupRestoration (9ms)
Platform modules already initialized, skipping
Refreshing native plugins compatible for Editor in 6.50 ms, found 2 plugins.
Preloading 0 native plugins for Editor in 0.00 ms.
Unloading 2261 Unused Serialized files (Serialized files now loaded: 0)
Unloading 9 unused Assets / (31.8 KB). Loaded Objects now: 2766.
Memory consumption went from 92.7 MB to 92.6 MB.
Total: 7.904100 ms (FindLiveObjects: 0.217300 ms CreateObjectMapping: 0.056100 ms MarkObjects: 7.609300 ms  DeleteObjects: 0.019800 ms)

AssetImportParameters requested are different than current active one (requested -> active):
  custom:video-decoder-ogg-theora: a1e56fd34408186e4bbccfd4996cb3dc -> 
  custom:container-muxer-webm: aa71ff27fc2769a1b78a27578f13a17b -> 
  custom:container-demuxer-webm: 4f35f7cbe854078d1ac9338744f61a02 -> 
  custom:video-encoder-webm-vp8: eb34c28f22e8b96e1ab97ce403110664 -> 
  custom:audio-encoder-webm-vorbis: bf7c407c2cedff20999df2af8eb42d56 -> 
  custom:framework-win-MediaFoundation: 216162199b28c13a410421893ffa2e32 -> 
  custom:container-demuxer-ogg: 62fdf1f143b41e24485cea50d1cbac27 -> 
  custom:video-decoder-webm-vp8: 9c59270c3fd7afecdb556c50c9e8de78 -> 
  custom:audio-decoder-ogg-vorbis: bf7c407c2cedff20999df2af8eb42d56 -> 
========================================================================
Received Import Request.
  Time since last request: 601.713867 seconds.
  path: Assets/Data/Maps/Intro/Intro_FourthPart.prefab
  artifactKey: Guid(3234f6d8488984c49847583627e07b72) Importer(815301076,1909f56bfc062723c751e8b465ee728b)
Start importing Assets/Data/Maps/Intro/Intro_FourthPart.prefab using Guid(3234f6d8488984c49847583627e07b72) Importer(815301076,1909f56bfc062723c751e8b465ee728b)  -> (artifact id: '6c3bd6ec0a8174263af26d690729cdd1') in 0.103067 seconds 
========================================================================
Received Import Request.
  Time since last request: 0.000024 seconds.
  path: Assets/Data/Maps/Intro/MapIntro4_Monticules.png
  artifactKey: Guid(dbb7a25d7339d8e4ea81c6384975373f) Importer(815301076,1909f56bfc062723c751e8b465ee728b)
Start importing Assets/Data/Maps/Intro/MapIntro4_Monticules.png using Guid(dbb7a25d7339d8e4ea81c6384975373f) Importer(815301076,1909f56bfc062723c751e8b465ee728b)  -> (artifact id: 'aa10e07409a6433fbae566c0a41bcba4') in 0.047984 seconds 
========================================================================
Received Import Request.
  Time since last request: 83.262889 seconds.
  path: Assets/Data/Maps/Intro/Intro_FourthPart.prefab
  artifactKey: Guid(3234f6d8488984c49847583627e07b72) Importer(815301076,1909f56bfc062723c751e8b465ee728b)
Start importing Assets/Data/Maps/Intro/Intro_FourthPart.prefab using Guid(3234f6d8488984c49847583627e07b72) Importer(815301076,1909f56bfc062723c751e8b465ee728b)  -> (artifact id: 'ce17e7210319fdb730b8837dece344b4') in 0.034784 seconds 
========================================================================
Received Import Request.
  Time since last request: 0.000026 seconds.
  path: Assets/Data/Maps/Intro/MapIntro4_Monticules.png
  artifactKey: Guid(dbb7a25d7339d8e4ea81c6384975373f) Importer(815301076,1909f56bfc062723c751e8b465ee728b)
Start importing Assets/Data/Maps/Intro/MapIntro4_Monticules.png using Guid(dbb7a25d7339d8e4ea81c6384975373f) Importer(815301076,1909f56bfc062723c751e8b465ee728b)  -> (artifact id: '49b6f52049af3c288518be04d062b383') in 0.027117 seconds 
========================================================================
Received Import Request.
  Time since last request: 15.745302 seconds.
  path: Assets/Data/Maps/Intro/Intro_FourthPart.prefab
  artifactKey: Guid(3234f6d8488984c49847583627e07b72) Importer(815301076,1909f56bfc062723c751e8b465ee728b)
Start importing Assets/Data/Maps/Intro/Intro_FourthPart.prefab using Guid(3234f6d8488984c49847583627e07b72) Importer(815301076,1909f56bfc062723c751e8b465ee728b)  -> (artifact id: 'cacfbfccbb3d3e6415b616a3b0069b79') in 0.042637 seconds 
========================================================================
Received Import Request.
  Time since last request: 0.000031 seconds.
  path: Assets/Data/Maps/Intro/MapIntro4_Monticules.png
  artifactKey: Guid(dbb7a25d7339d8e4ea81c6384975373f) Importer(815301076,1909f56bfc062723c751e8b465ee728b)
Start importing Assets/Data/Maps/Intro/MapIntro4_Monticules.png using Guid(dbb7a25d7339d8e4ea81c6384975373f) Importer(815301076,1909f56bfc062723c751e8b465ee728b)  -> (artifact id: '73be1c75077e365049764e6269c0c8ff') in 0.030662 seconds 
========================================================================
Received Import Request.
  Time since last request: 164.381865 seconds.
  path: Assets/Data/Maps/Intro/MapIntro4_Monticules.png
  artifactKey: Guid(dbb7a25d7339d8e4ea81c6384975373f) Importer(815301076,1909f56bfc062723c751e8b465ee728b)
Start importing Assets/Data/Maps/Intro/MapIntro4_Monticules.png using Guid(dbb7a25d7339d8e4ea81c6384975373f) Importer(815301076,1909f56bfc062723c751e8b465ee728b)  -> (artifact id: '89e4e71f434c27d9b47d19298956f65b') in 0.034157 seconds 
========================================================================
Received Import Request.
  Time since last request: 0.155672 seconds.
  path: Assets/Data/Maps/Intro/Intro_FourthPart.prefab
  artifactKey: Guid(3234f6d8488984c49847583627e07b72) Importer(815301076,1909f56bfc062723c751e8b465ee728b)
Start importing Assets/Data/Maps/Intro/Intro_FourthPart.prefab using Guid(3234f6d8488984c49847583627e07b72) Importer(815301076,1909f56bfc062723c751e8b465ee728b)  -> (artifact id: '6f7bf743e879231e5d8efa480520d1ed') in 0.043894 seconds 
========================================================================
Received Prepare
Registering precompiled user dll's ...
Registered in 0.002833 seconds.
Begin MonoManager ReloadAssembly
Native extension for WindowsStandalone target not found
Native extension for Android target not found
Refreshing native plugins compatible for Editor in 0.59 ms, found 2 plugins.
Preloading 0 native plugins for Editor in 0.00 ms.
Mono: successfully reloaded assembly
- Completed reload, in  1.981 seconds
Domain Reload Profiling:
	ReloadAssembly (1983ms)
		BeginReloadAssembly (577ms)
			ExecutionOrderSort (0ms)
			DisableScriptedObjects (8ms)
			BackupInstance (0ms)
			ReleaseScriptingObjects (0ms)
			CreateAndSetChildDomain (50ms)
		EndReloadAssembly (1216ms)
			LoadAssemblies (201ms)
			RebuildTransferFunctionScriptingTraits (0ms)
			SetupTypeCache (367ms)
			ReleaseScriptCaches (2ms)
			RebuildScriptCaches (107ms)
			SetupLoadedEditorAssemblies (549ms)
				LogAssemblyErrors (0ms)
				InitializePlatformSupportModulesInManaged (39ms)
				SetLoadedEditorAssemblies (1ms)
				RefreshPlugins (1ms)
				BeforeProcessingInitializeOnLoad (104ms)
				ProcessInitializeOnLoadAttributes (348ms)
				ProcessInitializeOnLoadMethodAttributes (51ms)
				AfterProcessingInitializeOnLoad (5ms)
				EditorAssembliesLoaded (0ms)
			ExecutionOrderSort2 (0ms)
			AwakeInstancesAfterBackupRestoration (12ms)
Platform modules already initialized, skipping
Refreshing native plugins compatible for Editor in 1.99 ms, found 2 plugins.
Preloading 0 native plugins for Editor in 0.00 ms.
Unloading 2261 Unused Serialized files (Serialized files now loaded: 0)
Unloading 9 unused Assets / (31.8 KB). Loaded Objects now: 2768.
Memory consumption went from 92.7 MB to 92.7 MB.
Total: 3.913800 ms (FindLiveObjects: 0.229000 ms CreateObjectMapping: 0.165700 ms MarkObjects: 3.498400 ms  DeleteObjects: 0.019300 ms)

AssetImportParameters requested are different than current active one (requested -> active):
  custom:video-decoder-ogg-theora: a1e56fd34408186e4bbccfd4996cb3dc -> 
  custom:container-muxer-webm: aa71ff27fc2769a1b78a27578f13a17b -> 
  custom:container-demuxer-webm: 4f35f7cbe854078d1ac9338744f61a02 -> 
  custom:video-encoder-webm-vp8: eb34c28f22e8b96e1ab97ce403110664 -> 
  custom:audio-encoder-webm-vorbis: bf7c407c2cedff20999df2af8eb42d56 -> 
  custom:framework-win-MediaFoundation: 216162199b28c13a410421893ffa2e32 -> 
  custom:container-demuxer-ogg: 62fdf1f143b41e24485cea50d1cbac27 -> 
  custom:video-decoder-webm-vp8: 9c59270c3fd7afecdb556c50c9e8de78 -> 
  custom:audio-decoder-ogg-vorbis: bf7c407c2cedff20999df2af8eb42d56 -> 
