Using pre-set license
Built from '2021.2/staging' branch; Version is '2021.2.13f1 (90b6766da538) revision 9483894'; Using compiler version '192829333'; Build Type 'Release'
OS: 'Windows 10  (10.0.19045) 64bit Core' Language: 'fr' Physical Memory: 8013 MB
BatchMode: 1, IsHumanControllingUs: 0, StartBugReporterOnCrash: 0, Is64bit: 1, IsPro: 1

COMMAND LINE ARGUMENTS:
C:\Program Files\2021.2.13f1\Editor\Unity.exe
-adb2
-batchMode
-noUpm
-name
AssetImportWorker0
-projectPath
C:/Users/maxad/Documents/git_projects/LC_Unity/LC_Unity
-logFile
Logs/AssetImportWorker0.log
-srvPort
52172
Successfully changed project path to: C:/Users/maxad/Documents/git_projects/LC_Unity/LC_Unity
C:/Users/maxad/Documents/git_projects/LC_Unity/LC_Unity
[UnityMemory] Configuration Parameters - Can be set up in boot.config
    "memorysetup-bucket-allocator-granularity=16"
    "memorysetup-bucket-allocator-bucket-count=8"
    "memorysetup-bucket-allocator-block-size=33554432"
    "memorysetup-bucket-allocator-block-count=8"
    "memorysetup-main-allocator-block-size=16777216"
    "memorysetup-thread-allocator-block-size=16777216"
    "memorysetup-gfx-main-allocator-block-size=16777216"
    "memorysetup-gfx-thread-allocator-block-size=16777216"
    "memorysetup-cache-allocator-block-size=4194304"
    "memorysetup-typetree-allocator-block-size=2097152"
    "memorysetup-profiler-bucket-allocator-granularity=16"
    "memorysetup-profiler-bucket-allocator-bucket-count=8"
    "memorysetup-profiler-bucket-allocator-block-size=33554432"
    "memorysetup-profiler-bucket-allocator-block-count=8"
    "memorysetup-profiler-allocator-block-size=16777216"
    "memorysetup-profiler-editor-allocator-block-size=1048576"
    "memorysetup-temp-allocator-size-main=16777216"
    "memorysetup-job-temp-allocator-block-size=2097152"
    "memorysetup-job-temp-allocator-block-size-background=1048576"
    "memorysetup-job-temp-allocator-reduction-small-platforms=262144"
    "memorysetup-temp-allocator-size-background-worker=32768"
    "memorysetup-temp-allocator-size-job-worker=262144"
    "memorysetup-temp-allocator-size-preload-manager=33554432"
    "memorysetup-temp-allocator-size-nav-mesh-worker=65536"
    "memorysetup-temp-allocator-size-audio-worker=65536"
    "memorysetup-temp-allocator-size-cloud-worker=32768"
    "memorysetup-temp-allocator-size-gi-baking-worker=262144"
    "memorysetup-temp-allocator-size-gfx=262144"
Refreshing native plugins compatible for Editor in 37.40 ms, found 2 plugins.
Preloading 0 native plugins for Editor in 0.00 ms.
Initialize engine version: 2021.2.13f1 (90b6766da538)
[Subsystems] Discovering subsystems at path C:/Program Files/2021.2.13f1/Editor/Data/Resources/UnitySubsystems
[Subsystems] Discovering subsystems at path C:/Users/maxad/Documents/git_projects/LC_Unity/LC_Unity/Assets
GfxDevice: creating device client; threaded=0; jobified=0
Direct3D:
    Version:  Direct3D 11.0 [level 11.1]
    Renderer: NVIDIA GeForce GTX 1650 with Max-Q Design (ID=0x1f99)
    Vendor:   NVIDIA
    VRAM:     3935 MB
    Driver:   32.0.15.6109
Initialize mono
Mono path[0] = 'C:/Program Files/2021.2.13f1/Editor/Data/Managed'
Mono path[1] = 'C:/Program Files/2021.2.13f1/Editor/Data/MonoBleedingEdge/lib/mono/unityjit-win32'
Mono config path = 'C:/Program Files/2021.2.13f1/Editor/Data/MonoBleedingEdge/etc'
Using monoOptions --debugger-agent=transport=dt_socket,embedding=1,server=y,suspend=n,address=127.0.0.1:56968
Begin MonoManager ReloadAssembly
Registering precompiled unity dll's ...
Register platform support module: C:/Program Files/2021.2.13f1/Editor/Data/PlaybackEngines/AndroidPlayer/UnityEditor.Android.Extensions.dll
Register platform support module: C:/Program Files/2021.2.13f1/Editor/Data/PlaybackEngines/WindowsStandaloneSupport/UnityEditor.WindowsStandalone.Extensions.dll
Registered in 0.009210 seconds.
Native extension for WindowsStandalone target not found
Native extension for Android target not found
Refreshing native plugins compatible for Editor in 30.87 ms, found 2 plugins.
Preloading 0 native plugins for Editor in 0.00 ms.
Mono: successfully reloaded assembly
- Completed reload, in  0.641 seconds
Domain Reload Profiling:
	ReloadAssembly (641ms)
		BeginReloadAssembly (117ms)
			ExecutionOrderSort (0ms)
			DisableScriptedObjects (0ms)
			BackupInstance (0ms)
			ReleaseScriptingObjects (0ms)
			CreateAndSetChildDomain (1ms)
		EndReloadAssembly (410ms)
			LoadAssemblies (115ms)
			RebuildTransferFunctionScriptingTraits (0ms)
			SetupTypeCache (105ms)
			ReleaseScriptCaches (0ms)
			RebuildScriptCaches (26ms)
			SetupLoadedEditorAssemblies (231ms)
				LogAssemblyErrors (0ms)
				InitializePlatformSupportModulesInManaged (58ms)
				SetLoadedEditorAssemblies (0ms)
				RefreshPlugins (31ms)
				BeforeProcessingInitializeOnLoad (1ms)
				ProcessInitializeOnLoadAttributes (96ms)
				ProcessInitializeOnLoadMethodAttributes (44ms)
				AfterProcessingInitializeOnLoad (0ms)
				EditorAssembliesLoaded (0ms)
			ExecutionOrderSort2 (0ms)
			AwakeInstancesAfterBackupRestoration (0ms)
Platform modules already initialized, skipping
Registering precompiled user dll's ...
Registered in 0.003241 seconds.
Begin MonoManager ReloadAssembly
Native extension for WindowsStandalone target not found
Native extension for Android target not found
Refreshing native plugins compatible for Editor in 0.43 ms, found 2 plugins.
Preloading 0 native plugins for Editor in 0.00 ms.
Mono: successfully reloaded assembly
- Completed reload, in  1.045 seconds
Domain Reload Profiling:
	ReloadAssembly (1046ms)
		BeginReloadAssembly (223ms)
			ExecutionOrderSort (0ms)
			DisableScriptedObjects (5ms)
			BackupInstance (0ms)
			ReleaseScriptingObjects (0ms)
			CreateAndSetChildDomain (122ms)
		EndReloadAssembly (714ms)
			LoadAssemblies (111ms)
			RebuildTransferFunctionScriptingTraits (0ms)
			SetupTypeCache (182ms)
			ReleaseScriptCaches (0ms)
			RebuildScriptCaches (48ms)
			SetupLoadedEditorAssemblies (329ms)
				LogAssemblyErrors (0ms)
				InitializePlatformSupportModulesInManaged (16ms)
				SetLoadedEditorAssemblies (0ms)
				RefreshPlugins (1ms)
				BeforeProcessingInitializeOnLoad (52ms)
				ProcessInitializeOnLoadAttributes (203ms)
				ProcessInitializeOnLoadMethodAttributes (43ms)
				AfterProcessingInitializeOnLoad (14ms)
				EditorAssembliesLoaded (0ms)
			ExecutionOrderSort2 (0ms)
			AwakeInstancesAfterBackupRestoration (9ms)
Platform modules already initialized, skipping
========================================================================
Worker process is ready to serve import requests
Launched and connected shader compiler UnityShaderCompiler.exe after 0.06 seconds
Refreshing native plugins compatible for Editor in 0.42 ms, found 2 plugins.
Preloading 0 native plugins for Editor in 0.00 ms.
Unloading 2089 Unused Serialized files (Serialized files now loaded: 0)
Unloading 20 unused Assets / (56.1 KB). Loaded Objects now: 2561.
Memory consumption went from 85.0 MB to 85.0 MB.
Total: 3.231400 ms (FindLiveObjects: 0.180200 ms CreateObjectMapping: 0.101100 ms MarkObjects: 2.888600 ms  DeleteObjects: 0.060800 ms)

AssetImportParameters requested are different than current active one (requested -> active):
  custom:video-decoder-ogg-theora: a1e56fd34408186e4bbccfd4996cb3dc -> 
  custom:container-muxer-webm: aa71ff27fc2769a1b78a27578f13a17b -> 
  custom:container-demuxer-webm: 4f35f7cbe854078d1ac9338744f61a02 -> 
  custom:video-encoder-webm-vp8: eb34c28f22e8b96e1ab97ce403110664 -> 
  custom:audio-encoder-webm-vorbis: bf7c407c2cedff20999df2af8eb42d56 -> 
  custom:framework-win-MediaFoundation: 216162199b28c13a410421893ffa2e32 -> 
  custom:container-demuxer-ogg: 62fdf1f143b41e24485cea50d1cbac27 -> 
  custom:video-decoder-webm-vp8: 9c59270c3fd7afecdb556c50c9e8de78 -> 
  custom:audio-decoder-ogg-vorbis: bf7c407c2cedff20999df2af8eb42d56 -> 
========================================================================
Received Import Request.
  Time since last request: 1476813.905647 seconds.
  path: Assets/Data/Battlers/Enemies/RatBattler.prefab
  artifactKey: Guid(55b8e25d447004c4b8caf3d5bfb1c7ca) Importer(815301076,1909f56bfc062723c751e8b465ee728b)
Start importing Assets/Data/Battlers/Enemies/RatBattler.prefab using Guid(55b8e25d447004c4b8caf3d5bfb1c7ca) Importer(815301076,1909f56bfc062723c751e8b465ee728b)  -> (artifact id: '583d384e0f8fdaeee93fd111d69bc697') in 0.178431 seconds 
========================================================================
Received Import Request.
  Time since last request: 0.000015 seconds.
  path: Assets/Data/Battlers/Enemies/SampleEnemy.prefab
  artifactKey: Guid(bad17aaa547bda04285122f4181618fe) Importer(815301076,1909f56bfc062723c751e8b465ee728b)
Start importing Assets/Data/Battlers/Enemies/SampleEnemy.prefab using Guid(bad17aaa547bda04285122f4181618fe) Importer(815301076,1909f56bfc062723c751e8b465ee728b)  -> (artifact id: '16484c41d1bcd281b4777c4333529267') in 0.032550 seconds 
========================================================================
Received Import Request.
  Time since last request: 0.000021 seconds.
  path: Assets/Data/Battlers/Enemies/ScarymbeBattler.prefab
  artifactKey: Guid(16d4f8deebc5a69428796609b31ab595) Importer(815301076,1909f56bfc062723c751e8b465ee728b)
Start importing Assets/Data/Battlers/Enemies/ScarymbeBattler.prefab using Guid(16d4f8deebc5a69428796609b31ab595) Importer(815301076,1909f56bfc062723c751e8b465ee728b)  -> (artifact id: '36aaabe9f12022069fc5fc50ad46d9b6') in 0.031907 seconds 
========================================================================
Received Import Request.
  Time since last request: 31.737635 seconds.
  path: Assets/Data/Animations/Weapons/Arbalests/ArbalestHitAnimation.anim
  artifactKey: Guid(0469aeb5c02c943419d499d5ed215d95) Importer(815301076,1909f56bfc062723c751e8b465ee728b)
Start importing Assets/Data/Animations/Weapons/Arbalests/ArbalestHitAnimation.anim using Guid(0469aeb5c02c943419d499d5ed215d95) Importer(815301076,1909f56bfc062723c751e8b465ee728b)  -> (artifact id: 'cfce5bb6d87db6900e9be8752edc111e') in 0.006605 seconds 
========================================================================
Received Import Request.
  Time since last request: 3.891036 seconds.
  path: Assets/Data/Animations/Weapons/Arbalests/ArbalestController.controller
  artifactKey: Guid(f8120fd8b54ee174981afefe09b90c4b) Importer(815301076,1909f56bfc062723c751e8b465ee728b)
Start importing Assets/Data/Animations/Weapons/Arbalests/ArbalestController.controller using Guid(f8120fd8b54ee174981afefe09b90c4b) Importer(815301076,1909f56bfc062723c751e8b465ee728b)  -> (artifact id: 'e020dd8543b7b837c80ac1da4235c7d1') in 0.005048 seconds 
========================================================================
Received Import Request.
  Time since last request: 7.712053 seconds.
  path: Assets/Data/Animations/Weapons/Arbalests/Strike.anim
  artifactKey: Guid(0469aeb5c02c943419d499d5ed215d95) Importer(815301076,1909f56bfc062723c751e8b465ee728b)
Start importing Assets/Data/Animations/Weapons/Arbalests/Strike.anim using Guid(0469aeb5c02c943419d499d5ed215d95) Importer(815301076,1909f56bfc062723c751e8b465ee728b)  -> (artifact id: 'f384c81fabf57f73bea92f0cd7cb5aba') in 0.002629 seconds 
========================================================================
Received Import Request.
  Time since last request: 7.297776 seconds.
  path: Assets/Data/Animations/Weapons/Axes/AxeHitAnimation.anim
  artifactKey: Guid(f1230aa6815a90548ba5cb64d5b0c653) Importer(815301076,1909f56bfc062723c751e8b465ee728b)
Start importing Assets/Data/Animations/Weapons/Axes/AxeHitAnimation.anim using Guid(f1230aa6815a90548ba5cb64d5b0c653) Importer(815301076,1909f56bfc062723c751e8b465ee728b)  -> (artifact id: 'd259b3bb0b70e3c085d8fbc5b0568471') in 0.003743 seconds 
========================================================================
Received Import Request.
  Time since last request: 7.205674 seconds.
  path: Assets/Data/Animations/Weapons/Axes/Strike.anim
  artifactKey: Guid(f1230aa6815a90548ba5cb64d5b0c653) Importer(815301076,1909f56bfc062723c751e8b465ee728b)
Start importing Assets/Data/Animations/Weapons/Axes/Strike.anim using Guid(f1230aa6815a90548ba5cb64d5b0c653) Importer(815301076,1909f56bfc062723c751e8b465ee728b)  -> (artifact id: '1c8eaae4a9d6a4c2b554651aaaa57d4d') in 0.001945 seconds 
========================================================================
Received Import Request.
  Time since last request: 5.726432 seconds.
  path: Assets/Data/Animations/Weapons/Arbalests/ArbalestController.controller
  artifactKey: Guid(f8120fd8b54ee174981afefe09b90c4b) Importer(815301076,1909f56bfc062723c751e8b465ee728b)
Start importing Assets/Data/Animations/Weapons/Arbalests/ArbalestController.controller using Guid(f8120fd8b54ee174981afefe09b90c4b) Importer(815301076,1909f56bfc062723c751e8b465ee728b)  -> (artifact id: '707e23e42e23a7dfe279389fb428a4ee') in 0.004579 seconds 
========================================================================
Received Import Request.
  Time since last request: 5.082873 seconds.
  path: Assets/Data/Animations/Weapons/Bows/BowHitAnimation.anim
  artifactKey: Guid(cb1063ef3d54cbb498d39ab51ac035ab) Importer(815301076,1909f56bfc062723c751e8b465ee728b)
Start importing Assets/Data/Animations/Weapons/Bows/BowHitAnimation.anim using Guid(cb1063ef3d54cbb498d39ab51ac035ab) Importer(815301076,1909f56bfc062723c751e8b465ee728b)  -> (artifact id: '40c8110c20ef049ca2e1eb0cf5d0c013') in 0.002721 seconds 
========================================================================
Received Import Request.
  Time since last request: 2.425770 seconds.
  path: Assets/Data/Animations/Weapons/Bows/Strike.anim
  artifactKey: Guid(cb1063ef3d54cbb498d39ab51ac035ab) Importer(815301076,1909f56bfc062723c751e8b465ee728b)
Start importing Assets/Data/Animations/Weapons/Bows/Strike.anim using Guid(cb1063ef3d54cbb498d39ab51ac035ab) Importer(815301076,1909f56bfc062723c751e8b465ee728b)  -> (artifact id: '681159d9fb964b93e0a4573f2856b012') in 0.002151 seconds 
========================================================================
Received Import Request.
  Time since last request: 8.232917 seconds.
  path: Assets/Data/Animations/Weapons/Claws/ClawHitAnimation.anim
  artifactKey: Guid(6c72d04a0ae9e424da0fc85ca6ed813a) Importer(815301076,1909f56bfc062723c751e8b465ee728b)
Start importing Assets/Data/Animations/Weapons/Claws/ClawHitAnimation.anim using Guid(6c72d04a0ae9e424da0fc85ca6ed813a) Importer(815301076,1909f56bfc062723c751e8b465ee728b)  -> (artifact id: 'b9cfa043a618a1c4e2aaebc6d16c8196') in 0.003403 seconds 
========================================================================
Received Import Request.
  Time since last request: 2.292257 seconds.
  path: Assets/Data/Animations/Weapons/Claws/Strike.anim
  artifactKey: Guid(6c72d04a0ae9e424da0fc85ca6ed813a) Importer(815301076,1909f56bfc062723c751e8b465ee728b)
Start importing Assets/Data/Animations/Weapons/Claws/Strike.anim using Guid(6c72d04a0ae9e424da0fc85ca6ed813a) Importer(815301076,1909f56bfc062723c751e8b465ee728b)  -> (artifact id: 'bdb0253214ba5f989db2ad26e1382e7d') in 0.002684 seconds 
========================================================================
Received Import Request.
  Time since last request: 3.875848 seconds.
  path: Assets/Data/Animations/Weapons/Axes/AxeController.controller
  artifactKey: Guid(3f80e171c3bd13248b292b84f32f5be5) Importer(815301076,1909f56bfc062723c751e8b465ee728b)
Start importing Assets/Data/Animations/Weapons/Axes/AxeController.controller using Guid(3f80e171c3bd13248b292b84f32f5be5) Importer(815301076,1909f56bfc062723c751e8b465ee728b)  -> (artifact id: '458944a6216499596d9e843b08da4b50') in 0.003482 seconds 
========================================================================
Received Import Request.
  Time since last request: 6.699485 seconds.
  path: Assets/Data/Animations/Weapons/Bows/BowController.controller
  artifactKey: Guid(1bc6f54205d7fca43b65d7e2a9f13fad) Importer(815301076,1909f56bfc062723c751e8b465ee728b)
Start importing Assets/Data/Animations/Weapons/Bows/BowController.controller using Guid(1bc6f54205d7fca43b65d7e2a9f13fad) Importer(815301076,1909f56bfc062723c751e8b465ee728b)  -> (artifact id: 'ac1789c949dfd4f2b86bf9dd93294d71') in 0.003278 seconds 
========================================================================
Received Import Request.
  Time since last request: 31.424735 seconds.
  path: Assets/Data/Animations/Weapons/Claws/ClawController.controller
  artifactKey: Guid(1f4c2279c58b17e4eb3a73f3eb2be445) Importer(815301076,1909f56bfc062723c751e8b465ee728b)
Start importing Assets/Data/Animations/Weapons/Claws/ClawController.controller using Guid(1f4c2279c58b17e4eb3a73f3eb2be445) Importer(815301076,1909f56bfc062723c751e8b465ee728b)  -> (artifact id: '677ba781654d97982641fd5d42d1fa5e') in 0.002749 seconds 
========================================================================
Received Import Request.
  Time since last request: 11.829797 seconds.
  path: Assets/Data/Animations/Weapons/Daggers/DaggerStrikeAnimation.anim
  artifactKey: Guid(3b817f995d9e3db4b83c29f968720d3f) Importer(815301076,1909f56bfc062723c751e8b465ee728b)
Start importing Assets/Data/Animations/Weapons/Daggers/DaggerStrikeAnimation.anim using Guid(3b817f995d9e3db4b83c29f968720d3f) Importer(815301076,1909f56bfc062723c751e8b465ee728b)  -> (artifact id: '3de391a7fb77a91db72b07ba30220d8e') in 0.003344 seconds 
========================================================================
Received Import Request.
  Time since last request: 2.447243 seconds.
  path: Assets/Data/Animations/Weapons/Daggers/Strike.anim
  artifactKey: Guid(3b817f995d9e3db4b83c29f968720d3f) Importer(815301076,1909f56bfc062723c751e8b465ee728b)
Start importing Assets/Data/Animations/Weapons/Daggers/Strike.anim using Guid(3b817f995d9e3db4b83c29f968720d3f) Importer(815301076,1909f56bfc062723c751e8b465ee728b)  -> (artifact id: '477953ec25d787477082d96cdc41a64b') in 0.003336 seconds 
========================================================================
Received Import Request.
  Time since last request: 0.836391 seconds.
  path: Assets/Data/Animations/Weapons/Daggers/DaggerController.controller
  artifactKey: Guid(26b91b7fe973cc242b33aeb07b164a54) Importer(815301076,1909f56bfc062723c751e8b465ee728b)
Start importing Assets/Data/Animations/Weapons/Daggers/DaggerController.controller using Guid(26b91b7fe973cc242b33aeb07b164a54) Importer(815301076,1909f56bfc062723c751e8b465ee728b)  -> (artifact id: '29afa74a6d0adc6e2a469360619a0360') in 0.003268 seconds 
========================================================================
Received Import Request.
  Time since last request: 7.142103 seconds.
  path: Assets/Data/Animations/Weapons/Fists/FistHitAnimation.anim
  artifactKey: Guid(cbd8c07006234ea47b420f1f9b1c21f7) Importer(815301076,1909f56bfc062723c751e8b465ee728b)
Start importing Assets/Data/Animations/Weapons/Fists/FistHitAnimation.anim using Guid(cbd8c07006234ea47b420f1f9b1c21f7) Importer(815301076,1909f56bfc062723c751e8b465ee728b)  -> (artifact id: '0e544c6186c477e3d7f53efe25225c1a') in 0.002992 seconds 
========================================================================
Received Import Request.
  Time since last request: 2.473302 seconds.
  path: Assets/Data/Animations/Weapons/Fists/Strike.anim
  artifactKey: Guid(cbd8c07006234ea47b420f1f9b1c21f7) Importer(815301076,1909f56bfc062723c751e8b465ee728b)
Start importing Assets/Data/Animations/Weapons/Fists/Strike.anim using Guid(cbd8c07006234ea47b420f1f9b1c21f7) Importer(815301076,1909f56bfc062723c751e8b465ee728b)  -> (artifact id: 'a6c389bd8fea7316fea489b1cea05a2c') in 0.002289 seconds 
========================================================================
Received Import Request.
  Time since last request: 0.883057 seconds.
  path: Assets/Data/Animations/Weapons/Fists/FistController.controller
  artifactKey: Guid(0d6150fbe857e764499340d4f4d6fccc) Importer(815301076,1909f56bfc062723c751e8b465ee728b)
Start importing Assets/Data/Animations/Weapons/Fists/FistController.controller using Guid(0d6150fbe857e764499340d4f4d6fccc) Importer(815301076,1909f56bfc062723c751e8b465ee728b)  -> (artifact id: '92f67cf34ebcd52bfe28b47786aa0bc5') in 0.003370 seconds 
========================================================================
Received Import Request.
  Time since last request: 9.317228 seconds.
  path: Assets/Data/Animations/Weapons/Grimoires/GrimoireHitAnimation.anim
  artifactKey: Guid(16f260623939f1241b33644747fbda52) Importer(815301076,1909f56bfc062723c751e8b465ee728b)
Start importing Assets/Data/Animations/Weapons/Grimoires/GrimoireHitAnimation.anim using Guid(16f260623939f1241b33644747fbda52) Importer(815301076,1909f56bfc062723c751e8b465ee728b)  -> (artifact id: '700fed2142944f9f4749102129cecfca') in 0.003063 seconds 
========================================================================
Received Import Request.
  Time since last request: 7.556301 seconds.
  path: Assets/Data/Animations/Weapons/Grimoires/Strike.anim
  artifactKey: Guid(16f260623939f1241b33644747fbda52) Importer(815301076,1909f56bfc062723c751e8b465ee728b)
Start importing Assets/Data/Animations/Weapons/Grimoires/Strike.anim using Guid(16f260623939f1241b33644747fbda52) Importer(815301076,1909f56bfc062723c751e8b465ee728b)  -> (artifact id: '48a1cd51fc5d5d378ae1587c7e6fb389') in 0.002388 seconds 
========================================================================
Received Import Request.
  Time since last request: 1.154124 seconds.
  path: Assets/Data/Animations/Weapons/Grimoires/GrimoireController.controller
  artifactKey: Guid(2ce735eaabb2ec64e8dd994e6588464f) Importer(815301076,1909f56bfc062723c751e8b465ee728b)
Start importing Assets/Data/Animations/Weapons/Grimoires/GrimoireController.controller using Guid(2ce735eaabb2ec64e8dd994e6588464f) Importer(815301076,1909f56bfc062723c751e8b465ee728b)  -> (artifact id: '4fb0e267a753cddf25b24bba418038a4') in 0.003219 seconds 
========================================================================
Received Import Request.
  Time since last request: 9.283762 seconds.
  path: Assets/Data/Animations/Weapons/Guns/GunHitAnimation.anim
  artifactKey: Guid(86a2e92897a16c94a8780bccdd7a6245) Importer(815301076,1909f56bfc062723c751e8b465ee728b)
Start importing Assets/Data/Animations/Weapons/Guns/GunHitAnimation.anim using Guid(86a2e92897a16c94a8780bccdd7a6245) Importer(815301076,1909f56bfc062723c751e8b465ee728b)  -> (artifact id: 'ea2ed27a84139d9ef43ef075d09e8403') in 0.002648 seconds 
========================================================================
Received Import Request.
  Time since last request: 2.352655 seconds.
  path: Assets/Data/Animations/Weapons/Guns/Strike.anim
  artifactKey: Guid(86a2e92897a16c94a8780bccdd7a6245) Importer(815301076,1909f56bfc062723c751e8b465ee728b)
Start importing Assets/Data/Animations/Weapons/Guns/Strike.anim using Guid(86a2e92897a16c94a8780bccdd7a6245) Importer(815301076,1909f56bfc062723c751e8b465ee728b)  -> (artifact id: 'a5ae39deba01adac8072fc4ea9e94ab0') in 0.002521 seconds 
========================================================================
Received Import Request.
  Time since last request: 0.835939 seconds.
  path: Assets/Data/Animations/Weapons/Guns/GunController.controller
  artifactKey: Guid(52f21124bca32594783a0a0f566c6cd8) Importer(815301076,1909f56bfc062723c751e8b465ee728b)
Start importing Assets/Data/Animations/Weapons/Guns/GunController.controller using Guid(52f21124bca32594783a0a0f566c6cd8) Importer(815301076,1909f56bfc062723c751e8b465ee728b)  -> (artifact id: '7403e2f5cc2b4c4d6cd26db746157b89') in 0.003174 seconds 
========================================================================
Received Import Request.
  Time since last request: 17.651336 seconds.
  path: Assets/Data/Animations/Weapons/Maces/MaceHitAnimation.anim
  artifactKey: Guid(24c62bd1259d0ef4ca448858136d8003) Importer(815301076,1909f56bfc062723c751e8b465ee728b)
Start importing Assets/Data/Animations/Weapons/Maces/MaceHitAnimation.anim using Guid(24c62bd1259d0ef4ca448858136d8003) Importer(815301076,1909f56bfc062723c751e8b465ee728b)  -> (artifact id: '6637fbf4cf559ba859e325a16aae6e93') in 0.002720 seconds 
========================================================================
Received Import Request.
  Time since last request: 2.169288 seconds.
  path: Assets/Data/Animations/Weapons/Maces/Strike.anim
  artifactKey: Guid(24c62bd1259d0ef4ca448858136d8003) Importer(815301076,1909f56bfc062723c751e8b465ee728b)
Start importing Assets/Data/Animations/Weapons/Maces/Strike.anim using Guid(24c62bd1259d0ef4ca448858136d8003) Importer(815301076,1909f56bfc062723c751e8b465ee728b)  -> (artifact id: 'f0c86129833b2bdd4b8e1e33520c9570') in 0.002499 seconds 
========================================================================
Received Import Request.
  Time since last request: 0.919554 seconds.
  path: Assets/Data/Animations/Weapons/Maces/MaceController.controller
  artifactKey: Guid(79e557a9ae6f9264994ccba9cf2f277a) Importer(815301076,1909f56bfc062723c751e8b465ee728b)
Start importing Assets/Data/Animations/Weapons/Maces/MaceController.controller using Guid(79e557a9ae6f9264994ccba9cf2f277a) Importer(815301076,1909f56bfc062723c751e8b465ee728b)  -> (artifact id: '935304daf72e5552c18119e8fa3521ee') in 0.003083 seconds 
========================================================================
Received Import Request.
  Time since last request: 7.282794 seconds.
  path: Assets/Data/Animations/Weapons/Scepters/ScepterHitAnimation.anim
  artifactKey: Guid(56b8bd9f214dc38468410a13de2d005d) Importer(815301076,1909f56bfc062723c751e8b465ee728b)
Start importing Assets/Data/Animations/Weapons/Scepters/ScepterHitAnimation.anim using Guid(56b8bd9f214dc38468410a13de2d005d) Importer(815301076,1909f56bfc062723c751e8b465ee728b)  -> (artifact id: '78a82150b54f25bbb4182b52288853bc') in 0.002407 seconds 
========================================================================
Received Import Request.
  Time since last request: 1.114958 seconds.
  path: Assets/Data/Animations/Weapons/Scepters/ScepterController.controller
  artifactKey: Guid(2012017e68cf642428a8aa14552902ca) Importer(815301076,1909f56bfc062723c751e8b465ee728b)
Start importing Assets/Data/Animations/Weapons/Scepters/ScepterController.controller using Guid(2012017e68cf642428a8aa14552902ca) Importer(815301076,1909f56bfc062723c751e8b465ee728b)  -> (artifact id: 'c374bbc0162bab51ac5fa89e0d16cca2') in 0.003166 seconds 
========================================================================
Received Import Request.
  Time since last request: 3.688646 seconds.
  path: Assets/Data/Animations/Weapons/Scepters/Strike.anim
  artifactKey: Guid(56b8bd9f214dc38468410a13de2d005d) Importer(815301076,1909f56bfc062723c751e8b465ee728b)
Start importing Assets/Data/Animations/Weapons/Scepters/Strike.anim using Guid(56b8bd9f214dc38468410a13de2d005d) Importer(815301076,1909f56bfc062723c751e8b465ee728b)  -> (artifact id: '0f50ea7f528b449fc98fd3eca2f37c2b') in 0.002314 seconds 
========================================================================
Received Import Request.
  Time since last request: 8.531664 seconds.
  path: Assets/Data/Animations/Weapons/Scythes/ScytheHitAnimation.anim
  artifactKey: Guid(df29da1a9f6e3954488b3c382625ebe8) Importer(815301076,1909f56bfc062723c751e8b465ee728b)
Start importing Assets/Data/Animations/Weapons/Scythes/ScytheHitAnimation.anim using Guid(df29da1a9f6e3954488b3c382625ebe8) Importer(815301076,1909f56bfc062723c751e8b465ee728b)  -> (artifact id: '02be8e910f998115b29a3199397f46c9') in 0.003044 seconds 
========================================================================
Received Import Request.
  Time since last request: 2.482381 seconds.
  path: Assets/Data/Animations/Weapons/Scythes/Strike.anim
  artifactKey: Guid(df29da1a9f6e3954488b3c382625ebe8) Importer(815301076,1909f56bfc062723c751e8b465ee728b)
Start importing Assets/Data/Animations/Weapons/Scythes/Strike.anim using Guid(df29da1a9f6e3954488b3c382625ebe8) Importer(815301076,1909f56bfc062723c751e8b465ee728b)  -> (artifact id: '7f9a1e0a146832d37199a797bcf0fa8f') in 0.002451 seconds 
========================================================================
Received Import Request.
  Time since last request: 0.930650 seconds.
  path: Assets/Data/Animations/Weapons/Scythes/ScytheController.controller
  artifactKey: Guid(6f9300f2dc1bb9747b04557348b1c453) Importer(815301076,1909f56bfc062723c751e8b465ee728b)
Start importing Assets/Data/Animations/Weapons/Scythes/ScytheController.controller using Guid(6f9300f2dc1bb9747b04557348b1c453) Importer(815301076,1909f56bfc062723c751e8b465ee728b)  -> (artifact id: 'eafb742d25e1dacf0e4bcf0dac1cb8c8') in 0.002924 seconds 
========================================================================
Received Import Request.
  Time since last request: 9.953819 seconds.
  path: Assets/Data/Animations/Weapons/Spears/SpearHitAnimation.anim
  artifactKey: Guid(7b472b305ffeb114fba90a372b1a0b8e) Importer(815301076,1909f56bfc062723c751e8b465ee728b)
Start importing Assets/Data/Animations/Weapons/Spears/SpearHitAnimation.anim using Guid(7b472b305ffeb114fba90a372b1a0b8e) Importer(815301076,1909f56bfc062723c751e8b465ee728b)  -> (artifact id: '36a7e3501e2b4a6c9a7356809bfeb268') in 0.003476 seconds 
========================================================================
Received Import Request.
  Time since last request: 6.538182 seconds.
  path: Assets/Data/Animations/Weapons/Spears/Strike.anim
  artifactKey: Guid(7b472b305ffeb114fba90a372b1a0b8e) Importer(815301076,1909f56bfc062723c751e8b465ee728b)
Start importing Assets/Data/Animations/Weapons/Spears/Strike.anim using Guid(7b472b305ffeb114fba90a372b1a0b8e) Importer(815301076,1909f56bfc062723c751e8b465ee728b)  -> (artifact id: '16bc0ce2f8df254e89ec0c884c5398c3') in 0.002516 seconds 
========================================================================
Received Import Request.
  Time since last request: 1.055886 seconds.
  path: Assets/Data/Animations/Weapons/Spears/SpearController.controller
  artifactKey: Guid(44768d2f95fc7c04898a511b61abf8bf) Importer(815301076,1909f56bfc062723c751e8b465ee728b)
Start importing Assets/Data/Animations/Weapons/Spears/SpearController.controller using Guid(44768d2f95fc7c04898a511b61abf8bf) Importer(815301076,1909f56bfc062723c751e8b465ee728b)  -> (artifact id: '1852dffbb63b4c785e749f560c1efe16') in 0.003025 seconds 
========================================================================
Received Import Request.
  Time since last request: 7.506465 seconds.
  path: Assets/Data/Animations/Weapons/Staves/StaffHitAnimation.anim
  artifactKey: Guid(5b4fd9989fc62d7478ffcc5f110f48cd) Importer(815301076,1909f56bfc062723c751e8b465ee728b)
Start importing Assets/Data/Animations/Weapons/Staves/StaffHitAnimation.anim using Guid(5b4fd9989fc62d7478ffcc5f110f48cd) Importer(815301076,1909f56bfc062723c751e8b465ee728b)  -> (artifact id: 'fc36d251c33812c6f6f928ffe84fb14a') in 0.003177 seconds 
========================================================================
Received Import Request.
  Time since last request: 2.297729 seconds.
  path: Assets/Data/Animations/Weapons/Staves/Strike.anim
  artifactKey: Guid(5b4fd9989fc62d7478ffcc5f110f48cd) Importer(815301076,1909f56bfc062723c751e8b465ee728b)
Start importing Assets/Data/Animations/Weapons/Staves/Strike.anim using Guid(5b4fd9989fc62d7478ffcc5f110f48cd) Importer(815301076,1909f56bfc062723c751e8b465ee728b)  -> (artifact id: '9006e044a4d4912de5649b93389b0811') in 0.002276 seconds 
========================================================================
Received Import Request.
  Time since last request: 0.837084 seconds.
  path: Assets/Data/Animations/Weapons/Staves/StaffController.controller
  artifactKey: Guid(4bc053b5316d5164a8967b1971dca961) Importer(815301076,1909f56bfc062723c751e8b465ee728b)
Start importing Assets/Data/Animations/Weapons/Staves/StaffController.controller using Guid(4bc053b5316d5164a8967b1971dca961) Importer(815301076,1909f56bfc062723c751e8b465ee728b)  -> (artifact id: '54ad64de31a967fcbab5c88b2793e767') in 0.002804 seconds 
========================================================================
Received Import Request.
  Time since last request: 6.180413 seconds.
  path: Assets/Data/Animations/Weapons/Swords/SwordStrikeAnimation.anim
  artifactKey: Guid(002b7b4604b89b44e9aefc90316f80c1) Importer(815301076,1909f56bfc062723c751e8b465ee728b)
Start importing Assets/Data/Animations/Weapons/Swords/SwordStrikeAnimation.anim using Guid(002b7b4604b89b44e9aefc90316f80c1) Importer(815301076,1909f56bfc062723c751e8b465ee728b)  -> (artifact id: '85f4b649b1883edd2f6f61831640f813') in 0.003075 seconds 
========================================================================
Received Import Request.
  Time since last request: 4.538743 seconds.
  path: Assets/Data/Animations/Weapons/Swords/Strike.anim
  artifactKey: Guid(002b7b4604b89b44e9aefc90316f80c1) Importer(815301076,1909f56bfc062723c751e8b465ee728b)
Start importing Assets/Data/Animations/Weapons/Swords/Strike.anim using Guid(002b7b4604b89b44e9aefc90316f80c1) Importer(815301076,1909f56bfc062723c751e8b465ee728b)  -> (artifact id: '73ac4bfec2258af0df7f9e1a628912a8') in 0.002274 seconds 
========================================================================
Received Import Request.
  Time since last request: 1.079543 seconds.
  path: Assets/Data/Animations/Weapons/Swords/SwordController.controller
  artifactKey: Guid(44c47fe8b68f11540b723f03b03ea91e) Importer(815301076,1909f56bfc062723c751e8b465ee728b)
Start importing Assets/Data/Animations/Weapons/Swords/SwordController.controller using Guid(44c47fe8b68f11540b723f03b03ea91e) Importer(815301076,1909f56bfc062723c751e8b465ee728b)  -> (artifact id: '2f09a919d5e935a6da67db0b00fa1693') in 0.002517 seconds 
