Using pre-set license
Built from '2021.2/staging' branch; Version is '2021.2.13f1 (90b6766da538) revision 9483894'; Using compiler version '192829333'; Build Type 'Release'
OS: 'Windows 10  (10.0.19045) 64bit Professional' Language: 'fr' Physical Memory: 16339 MB
BatchMode: 1, IsHumanControllingUs: 0, StartBugReporterOnCrash: 0, Is64bit: 1, IsPro: 1

COMMAND LINE ARGUMENTS:
E:\Unity\2021.2.13f1\Editor\Unity.exe
-adb2
-batchMode
-noUpm
-name
AssetImportWorker1
-projectPath
E:/Unity_Projects/LC_Unity/LC_Unity
-logFile
Logs/AssetImportWorker1.log
-srvPort
51776
Successfully changed project path to: E:/Unity_Projects/LC_Unity/LC_Unity
E:/Unity_Projects/LC_Unity/LC_Unity
[UnityMemory] Configuration Parameters - Can be set up in boot.config
    "memorysetup-bucket-allocator-granularity=16"
    "memorysetup-bucket-allocator-bucket-count=8"
    "memorysetup-bucket-allocator-block-size=33554432"
    "memorysetup-bucket-allocator-block-count=8"
    "memorysetup-main-allocator-block-size=16777216"
    "memorysetup-thread-allocator-block-size=16777216"
    "memorysetup-gfx-main-allocator-block-size=16777216"
    "memorysetup-gfx-thread-allocator-block-size=16777216"
    "memorysetup-cache-allocator-block-size=4194304"
    "memorysetup-typetree-allocator-block-size=2097152"
    "memorysetup-profiler-bucket-allocator-granularity=16"
    "memorysetup-profiler-bucket-allocator-bucket-count=8"
    "memorysetup-profiler-bucket-allocator-block-size=33554432"
    "memorysetup-profiler-bucket-allocator-block-count=8"
    "memorysetup-profiler-allocator-block-size=16777216"
    "memorysetup-profiler-editor-allocator-block-size=1048576"
    "memorysetup-temp-allocator-size-main=16777216"
    "memorysetup-job-temp-allocator-block-size=2097152"
    "memorysetup-job-temp-allocator-block-size-background=1048576"
    "memorysetup-job-temp-allocator-reduction-small-platforms=262144"
    "memorysetup-temp-allocator-size-background-worker=32768"
    "memorysetup-temp-allocator-size-job-worker=262144"
    "memorysetup-temp-allocator-size-preload-manager=33554432"
    "memorysetup-temp-allocator-size-nav-mesh-worker=65536"
    "memorysetup-temp-allocator-size-audio-worker=65536"
    "memorysetup-temp-allocator-size-cloud-worker=32768"
    "memorysetup-temp-allocator-size-gi-baking-worker=262144"
    "memorysetup-temp-allocator-size-gfx=262144"
Refreshing native plugins compatible for Editor in 75.03 ms, found 2 plugins.
Preloading 0 native plugins for Editor in 0.00 ms.
Initialize engine version: 2021.2.13f1 (90b6766da538)
[Subsystems] Discovering subsystems at path E:/Unity/2021.2.13f1/Editor/Data/Resources/UnitySubsystems
[Subsystems] Discovering subsystems at path E:/Unity_Projects/LC_Unity/LC_Unity/Assets
GfxDevice: creating device client; threaded=0; jobified=0
Direct3D:
    Version:  Direct3D 11.0 [level 11.1]
    Renderer: NVIDIA GeForce GTX 1060 6GB (ID=0x1c03)
    Vendor:   NVIDIA
    VRAM:     6029 MB
    Driver:   32.0.15.6109
Initialize mono
Mono path[0] = 'E:/Unity/2021.2.13f1/Editor/Data/Managed'
Mono path[1] = 'E:/Unity/2021.2.13f1/Editor/Data/MonoBleedingEdge/lib/mono/unityjit-win32'
Mono config path = 'E:/Unity/2021.2.13f1/Editor/Data/MonoBleedingEdge/etc'
Using monoOptions --debugger-agent=transport=dt_socket,embedding=1,server=y,suspend=n,address=127.0.0.1:56068
Begin MonoManager ReloadAssembly
Registering precompiled unity dll's ...
Register platform support module: E:/Unity/2021.2.13f1/Editor/Data/PlaybackEngines/AndroidPlayer/UnityEditor.Android.Extensions.dll
Register platform support module: E:/Unity/2021.2.13f1/Editor/Data/PlaybackEngines/WindowsStandaloneSupport/UnityEditor.WindowsStandalone.Extensions.dll
Registered in 0.004262 seconds.
Native extension for WindowsStandalone target not found
Native extension for Android target not found
Refreshing native plugins compatible for Editor in 54.88 ms, found 2 plugins.
Preloading 0 native plugins for Editor in 0.00 ms.
Mono: successfully reloaded assembly
- Completed reload, in  0.815 seconds
Domain Reload Profiling:
	ReloadAssembly (816ms)
		BeginReloadAssembly (104ms)
			ExecutionOrderSort (0ms)
			DisableScriptedObjects (0ms)
			BackupInstance (0ms)
			ReleaseScriptingObjects (0ms)
			CreateAndSetChildDomain (1ms)
		EndReloadAssembly (578ms)
			LoadAssemblies (103ms)
			RebuildTransferFunctionScriptingTraits (0ms)
			SetupTypeCache (142ms)
			ReleaseScriptCaches (0ms)
			RebuildScriptCaches (38ms)
			SetupLoadedEditorAssemblies (338ms)
				LogAssemblyErrors (0ms)
				InitializePlatformSupportModulesInManaged (66ms)
				SetLoadedEditorAssemblies (0ms)
				RefreshPlugins (55ms)
				BeforeProcessingInitializeOnLoad (2ms)
				ProcessInitializeOnLoadAttributes (143ms)
				ProcessInitializeOnLoadMethodAttributes (72ms)
				AfterProcessingInitializeOnLoad (0ms)
				EditorAssembliesLoaded (0ms)
			ExecutionOrderSort2 (0ms)
			AwakeInstancesAfterBackupRestoration (0ms)
Platform modules already initialized, skipping
Registering precompiled user dll's ...
Registered in 0.002575 seconds.
Begin MonoManager ReloadAssembly
Native extension for WindowsStandalone target not found
Native extension for Android target not found
Refreshing native plugins compatible for Editor in 0.53 ms, found 2 plugins.
Preloading 0 native plugins for Editor in 0.00 ms.
Mono: successfully reloaded assembly
- Completed reload, in  1.322 seconds
Domain Reload Profiling:
	ReloadAssembly (1323ms)
		BeginReloadAssembly (285ms)
			ExecutionOrderSort (0ms)
			DisableScriptedObjects (7ms)
			BackupInstance (0ms)
			ReleaseScriptingObjects (0ms)
			CreateAndSetChildDomain (142ms)
		EndReloadAssembly (872ms)
			LoadAssemblies (126ms)
			RebuildTransferFunctionScriptingTraits (0ms)
			SetupTypeCache (243ms)
			ReleaseScriptCaches (1ms)
			RebuildScriptCaches (69ms)
			SetupLoadedEditorAssemblies (422ms)
				LogAssemblyErrors (0ms)
				InitializePlatformSupportModulesInManaged (17ms)
				SetLoadedEditorAssemblies (1ms)
				RefreshPlugins (1ms)
				BeforeProcessingInitializeOnLoad (71ms)
				ProcessInitializeOnLoadAttributes (285ms)
				ProcessInitializeOnLoadMethodAttributes (42ms)
				AfterProcessingInitializeOnLoad (4ms)
				EditorAssembliesLoaded (0ms)
			ExecutionOrderSort2 (0ms)
			AwakeInstancesAfterBackupRestoration (8ms)
Platform modules already initialized, skipping
========================================================================
Worker process is ready to serve import requests
Launched and connected shader compiler UnityShaderCompiler.exe after 0.07 seconds
Refreshing native plugins compatible for Editor in 0.70 ms, found 2 plugins.
Preloading 0 native plugins for Editor in 0.00 ms.
Unloading 2063 Unused Serialized files (Serialized files now loaded: 0)
Unloading 20 unused Assets / (56.0 KB). Loaded Objects now: 2535.
Memory consumption went from 84.4 MB to 84.3 MB.
Total: 4.402900 ms (FindLiveObjects: 0.259900 ms CreateObjectMapping: 0.063500 ms MarkObjects: 3.979600 ms  DeleteObjects: 0.098200 ms)

AssetImportParameters requested are different than current active one (requested -> active):
  custom:video-decoder-ogg-theora: a1e56fd34408186e4bbccfd4996cb3dc -> 
  custom:container-muxer-webm: aa71ff27fc2769a1b78a27578f13a17b -> 
  custom:container-demuxer-webm: 4f35f7cbe854078d1ac9338744f61a02 -> 
  custom:video-encoder-webm-vp8: eb34c28f22e8b96e1ab97ce403110664 -> 
  custom:audio-encoder-webm-vorbis: bf7c407c2cedff20999df2af8eb42d56 -> 
  custom:framework-win-MediaFoundation: 216162199b28c13a410421893ffa2e32 -> 
  custom:container-demuxer-ogg: 62fdf1f143b41e24485cea50d1cbac27 -> 
  custom:video-decoder-webm-vp8: 9c59270c3fd7afecdb556c50c9e8de78 -> 
  custom:audio-decoder-ogg-vorbis: bf7c407c2cedff20999df2af8eb42d56 -> 
========================================================================
Received Import Request.
  Time since last request: 1062211.149793 seconds.
  path: Assets/Data/Audio/SE/Slash6.ogg
  artifactKey: Guid(23792bece01f25044a0251f8ed87cf05) Importer(815301076,1909f56bfc062723c751e8b465ee728b)
Start importing Assets/Data/Audio/SE/Slash6.ogg using Guid(23792bece01f25044a0251f8ed87cf05) Importer(815301076,1909f56bfc062723c751e8b465ee728b)  -> (artifact id: 'feddd49d5cc84097930f694f6828f5c9') in 0.157221 seconds 
========================================================================
Received Import Request.
  Time since last request: 0.000021 seconds.
  path: Assets/Data/Audio/SE/Sword4.ogg
  artifactKey: Guid(4c92b09bfaf86c947be41f10b9ecafd9) Importer(815301076,1909f56bfc062723c751e8b465ee728b)
Start importing Assets/Data/Audio/SE/Sword4.ogg using Guid(4c92b09bfaf86c947be41f10b9ecafd9) Importer(815301076,1909f56bfc062723c751e8b465ee728b)  -> (artifact id: '52b8eef23d519128f58f39036052782b') in 0.013088 seconds 
========================================================================
Received Import Request.
  Time since last request: 5.390124 seconds.
  path: Assets/Data/Audio/SE/Claws.ogg
  artifactKey: Guid(23792bece01f25044a0251f8ed87cf05) Importer(815301076,1909f56bfc062723c751e8b465ee728b)
Start importing Assets/Data/Audio/SE/Claws.ogg using Guid(23792bece01f25044a0251f8ed87cf05) Importer(815301076,1909f56bfc062723c751e8b465ee728b)  -> (artifact id: '90f055211ded6473a2ef682b61c8e7f7') in 0.009092 seconds 
========================================================================
Received Import Request.
  Time since last request: 5.239947 seconds.
  path: Assets/Data/Audio/SE/SwordSlash.ogg
  artifactKey: Guid(4c92b09bfaf86c947be41f10b9ecafd9) Importer(815301076,1909f56bfc062723c751e8b465ee728b)
Start importing Assets/Data/Audio/SE/SwordSlash.ogg using Guid(4c92b09bfaf86c947be41f10b9ecafd9) Importer(815301076,1909f56bfc062723c751e8b465ee728b)  -> (artifact id: 'ce90952ca9dc90b6504c6c06402c2735') in 0.009740 seconds 
========================================================================
Received Import Request.
  Time since last request: 3.889591 seconds.
  path: Assets/Data/Audio/SE/ClawSlash.ogg
  artifactKey: Guid(23792bece01f25044a0251f8ed87cf05) Importer(815301076,1909f56bfc062723c751e8b465ee728b)
Start importing Assets/Data/Audio/SE/ClawSlash.ogg using Guid(23792bece01f25044a0251f8ed87cf05) Importer(815301076,1909f56bfc062723c751e8b465ee728b)  -> (artifact id: '8e67ecef9e9b973af070f630ead6db35') in 0.013761 seconds 
========================================================================
Received Prepare
Registering precompiled user dll's ...
Registered in 0.002780 seconds.
Begin MonoManager ReloadAssembly
Native extension for WindowsStandalone target not found
Native extension for Android target not found
Refreshing native plugins compatible for Editor in 0.59 ms, found 2 plugins.
Preloading 0 native plugins for Editor in 0.00 ms.
Mono: successfully reloaded assembly
- Completed reload, in  1.295 seconds
Domain Reload Profiling:
	ReloadAssembly (1296ms)
		BeginReloadAssembly (207ms)
			ExecutionOrderSort (0ms)
			DisableScriptedObjects (10ms)
			BackupInstance (0ms)
			ReleaseScriptingObjects (0ms)
			CreateAndSetChildDomain (49ms)
		EndReloadAssembly (971ms)
			LoadAssemblies (111ms)
			RebuildTransferFunctionScriptingTraits (0ms)
			SetupTypeCache (358ms)
			ReleaseScriptCaches (1ms)
			RebuildScriptCaches (70ms)
			SetupLoadedEditorAssemblies (395ms)
				LogAssemblyErrors (0ms)
				InitializePlatformSupportModulesInManaged (31ms)
				SetLoadedEditorAssemblies (1ms)
				RefreshPlugins (1ms)
				BeforeProcessingInitializeOnLoad (67ms)
				ProcessInitializeOnLoadAttributes (256ms)
				ProcessInitializeOnLoadMethodAttributes (36ms)
				AfterProcessingInitializeOnLoad (4ms)
				EditorAssembliesLoaded (0ms)
			ExecutionOrderSort2 (0ms)
			AwakeInstancesAfterBackupRestoration (9ms)
Platform modules already initialized, skipping
Refreshing native plugins compatible for Editor in 1.31 ms, found 2 plugins.
Preloading 0 native plugins for Editor in 0.00 ms.
Unloading 2045 Unused Serialized files (Serialized files now loaded: 0)
Unloading 9 unused Assets / (31.8 KB). Loaded Objects now: 2545.
Memory consumption went from 86.9 MB to 86.8 MB.
Total: 3.809100 ms (FindLiveObjects: 0.201300 ms CreateObjectMapping: 0.054700 ms MarkObjects: 3.531500 ms  DeleteObjects: 0.019700 ms)

AssetImportParameters requested are different than current active one (requested -> active):
  custom:video-decoder-ogg-theora: a1e56fd34408186e4bbccfd4996cb3dc -> 
  custom:container-muxer-webm: aa71ff27fc2769a1b78a27578f13a17b -> 
  custom:container-demuxer-webm: 4f35f7cbe854078d1ac9338744f61a02 -> 
  custom:video-encoder-webm-vp8: eb34c28f22e8b96e1ab97ce403110664 -> 
  custom:audio-encoder-webm-vorbis: bf7c407c2cedff20999df2af8eb42d56 -> 
  custom:framework-win-MediaFoundation: 216162199b28c13a410421893ffa2e32 -> 
  custom:container-demuxer-ogg: 62fdf1f143b41e24485cea50d1cbac27 -> 
  custom:video-decoder-webm-vp8: 9c59270c3fd7afecdb556c50c9e8de78 -> 
  custom:audio-decoder-ogg-vorbis: bf7c407c2cedff20999df2af8eb42d56 -> 
========================================================================
Received Import Request.
  Time since last request: 145.514127 seconds.
  path: Assets/Data/Weapons/ArbalestStrike.prefab
  artifactKey: Guid(4d50f1e194462804c880861d15dd6411) Importer(815301076,1909f56bfc062723c751e8b465ee728b)
Start importing Assets/Data/Weapons/ArbalestStrike.prefab using Guid(4d50f1e194462804c880861d15dd6411) Importer(815301076,1909f56bfc062723c751e8b465ee728b)  -> (artifact id: '619e534b9e0972ab506a5c0474c6d31e') in 0.091315 seconds 
========================================================================
Received Import Request.
  Time since last request: 0.000025 seconds.
  path: Assets/Data/Weapons/SpearStrike.prefab
  artifactKey: Guid(0b8900e084f292a4ab19afa4c4b74b27) Importer(815301076,1909f56bfc062723c751e8b465ee728b)
Start importing Assets/Data/Weapons/SpearStrike.prefab using Guid(0b8900e084f292a4ab19afa4c4b74b27) Importer(815301076,1909f56bfc062723c751e8b465ee728b)  -> (artifact id: 'fd3e9be795d7a8ddb93747ca6c4360cc') in 0.016864 seconds 
========================================================================
Received Import Request.
  Time since last request: 0.000034 seconds.
  path: Assets/Data/Weapons/ClawsStrike.prefab
  artifactKey: Guid(899a0331f4633ca439d288f540d7704e) Importer(815301076,1909f56bfc062723c751e8b465ee728b)
Start importing Assets/Data/Weapons/ClawsStrike.prefab using Guid(899a0331f4633ca439d288f540d7704e) Importer(815301076,1909f56bfc062723c751e8b465ee728b)  -> (artifact id: 'f7319fada37498eb9a1b144119368c25') in 0.014348 seconds 
========================================================================
Received Import Request.
  Time since last request: 0.000067 seconds.
  path: Assets/Data/Weapons/MaceStrike.prefab
  artifactKey: Guid(0ceb8f2d3c6d6db4b831241f9bb6a54e) Importer(815301076,1909f56bfc062723c751e8b465ee728b)
Start importing Assets/Data/Weapons/MaceStrike.prefab using Guid(0ceb8f2d3c6d6db4b831241f9bb6a54e) Importer(815301076,1909f56bfc062723c751e8b465ee728b)  -> (artifact id: 'b3aae29e0efddb11c07d19e46c133517') in 0.013498 seconds 
========================================================================
Received Import Request.
  Time since last request: 0.000024 seconds.
  path: Assets/Data/Weapons/AxeStrike.prefab
  artifactKey: Guid(1f5847d960b2e5a42b8339e2de1a4b1c) Importer(815301076,1909f56bfc062723c751e8b465ee728b)
Start importing Assets/Data/Weapons/AxeStrike.prefab using Guid(1f5847d960b2e5a42b8339e2de1a4b1c) Importer(815301076,1909f56bfc062723c751e8b465ee728b)  -> (artifact id: '1bc7518f145cc92eba9d8ca10e6b9973') in 0.014969 seconds 
========================================================================
Received Import Request.
  Time since last request: 0.000028 seconds.
  path: Assets/Data/Weapons/GrimoireStrike.prefab
  artifactKey: Guid(8554355995f081946abbbc0582f24dcb) Importer(815301076,1909f56bfc062723c751e8b465ee728b)
Start importing Assets/Data/Weapons/GrimoireStrike.prefab using Guid(8554355995f081946abbbc0582f24dcb) Importer(815301076,1909f56bfc062723c751e8b465ee728b)  -> (artifact id: '9731394c10a05bc2f0601d22ad5fb72d') in 0.016589 seconds 
========================================================================
Received Import Request.
  Time since last request: 0.000026 seconds.
  path: Assets/Data/Weapons/GunStrike.prefab
  artifactKey: Guid(0bd61daf238a4bc4c98759e58cf68939) Importer(815301076,1909f56bfc062723c751e8b465ee728b)
Start importing Assets/Data/Weapons/GunStrike.prefab using Guid(0bd61daf238a4bc4c98759e58cf68939) Importer(815301076,1909f56bfc062723c751e8b465ee728b)  -> (artifact id: '964d0ded30d905d5aca20ef4f853c343') in 0.017667 seconds 
========================================================================
Received Import Request.
  Time since last request: 0.000036 seconds.
  path: Assets/Data/Weapons/ScepterStrike.prefab
  artifactKey: Guid(afaeefeba2fb7e84b9272b28fe44e7b7) Importer(815301076,1909f56bfc062723c751e8b465ee728b)
Start importing Assets/Data/Weapons/ScepterStrike.prefab using Guid(afaeefeba2fb7e84b9272b28fe44e7b7) Importer(815301076,1909f56bfc062723c751e8b465ee728b)  -> (artifact id: 'ce48e23f2e085db1ec631c1ff00b2bdd') in 0.016106 seconds 
========================================================================
Received Import Request.
  Time since last request: 0.000024 seconds.
  path: Assets/Data/Weapons/BowStrike.prefab
  artifactKey: Guid(fbb904c29b4a9e744a30c3083668687f) Importer(815301076,1909f56bfc062723c751e8b465ee728b)
Start importing Assets/Data/Weapons/BowStrike.prefab using Guid(fbb904c29b4a9e744a30c3083668687f) Importer(815301076,1909f56bfc062723c751e8b465ee728b)  -> (artifact id: 'c9d2fd878eca041b21a117ff9e9ffc9b') in 0.015569 seconds 
========================================================================
Received Import Request.
  Time since last request: 0.000032 seconds.
  path: Assets/Data/Weapons/DaggerStrike.prefab
  artifactKey: Guid(5528778c12441ee4a8279d5886ab6e46) Importer(815301076,1909f56bfc062723c751e8b465ee728b)
Start importing Assets/Data/Weapons/DaggerStrike.prefab using Guid(5528778c12441ee4a8279d5886ab6e46) Importer(815301076,1909f56bfc062723c751e8b465ee728b)  -> (artifact id: '61606d5de463fdf75312a69c0fb66095') in 0.014601 seconds 
========================================================================
Received Import Request.
  Time since last request: 0.000024 seconds.
  path: Assets/Data/Weapons/StaffStrike.prefab
  artifactKey: Guid(717ba894112aab64f8559748630d5833) Importer(815301076,1909f56bfc062723c751e8b465ee728b)
Start importing Assets/Data/Weapons/StaffStrike.prefab using Guid(717ba894112aab64f8559748630d5833) Importer(815301076,1909f56bfc062723c751e8b465ee728b)  -> (artifact id: 'd9a18f929118fef2676f4c35d5f18263') in 0.013886 seconds 
========================================================================
Received Import Request.
  Time since last request: 0.000023 seconds.
  path: Assets/Data/Weapons/ScytheStrike.prefab
  artifactKey: Guid(03d99033e5f08c94db8bba8f0086b17a) Importer(815301076,1909f56bfc062723c751e8b465ee728b)
Start importing Assets/Data/Weapons/ScytheStrike.prefab using Guid(03d99033e5f08c94db8bba8f0086b17a) Importer(815301076,1909f56bfc062723c751e8b465ee728b)  -> (artifact id: '4cd348638585ff994c9278a22e05f6a8') in 0.014326 seconds 
========================================================================
Received Import Request.
  Time since last request: 0.000030 seconds.
  path: Assets/Data/Weapons/SwordStrike.prefab
  artifactKey: Guid(c146344f564fcd749b215395dea2e95b) Importer(815301076,1909f56bfc062723c751e8b465ee728b)
Start importing Assets/Data/Weapons/SwordStrike.prefab using Guid(c146344f564fcd749b215395dea2e95b) Importer(815301076,1909f56bfc062723c751e8b465ee728b)  -> (artifact id: 'd04602f68722218f9149151e553696ba') in 0.015336 seconds 
========================================================================
Received Import Request.
  Time since last request: 0.000025 seconds.
  path: Assets/Data/Weapons/FistStrike.prefab
  artifactKey: Guid(deda251152343b948850e26f9a97adee) Importer(815301076,1909f56bfc062723c751e8b465ee728b)
Start importing Assets/Data/Weapons/FistStrike.prefab using Guid(deda251152343b948850e26f9a97adee) Importer(815301076,1909f56bfc062723c751e8b465ee728b)  -> (artifact id: '8aa14a2d3223a9f42a03a51393219019') in 0.014246 seconds 
========================================================================
Received Import Request.
  Time since last request: 23.487649 seconds.
  path: Assets/Data/Weapons/ClawsStrike.prefab
  artifactKey: Guid(899a0331f4633ca439d288f540d7704e) Importer(815301076,1909f56bfc062723c751e8b465ee728b)
Start importing Assets/Data/Weapons/ClawsStrike.prefab using Guid(899a0331f4633ca439d288f540d7704e) Importer(815301076,1909f56bfc062723c751e8b465ee728b)  -> (artifact id: 'd95102b340adcded18f1eb4bc9111e5b') in 0.012737 seconds 
========================================================================
Received Import Request.
  Time since last request: 13.512723 seconds.
  path: Assets/Data/Weapons/SwordStrike.prefab
  artifactKey: Guid(c146344f564fcd749b215395dea2e95b) Importer(815301076,1909f56bfc062723c751e8b465ee728b)
Start importing Assets/Data/Weapons/SwordStrike.prefab using Guid(c146344f564fcd749b215395dea2e95b) Importer(815301076,1909f56bfc062723c751e8b465ee728b)  -> (artifact id: '0c6cf7c8535962e1d06a17b1d6f0fd29') in 0.012133 seconds 
========================================================================
Received Import Request.
  Time since last request: 8.416947 seconds.
  path: Assets/Data/Weapons/ClawsStrike.prefab
  artifactKey: Guid(899a0331f4633ca439d288f540d7704e) Importer(815301076,1909f56bfc062723c751e8b465ee728b)
Start importing Assets/Data/Weapons/ClawsStrike.prefab using Guid(899a0331f4633ca439d288f540d7704e) Importer(815301076,1909f56bfc062723c751e8b465ee728b)  -> (artifact id: 'd5abc60e7e6119e5c4fc29db7dffa2cf') in 0.012130 seconds 
========================================================================
Received Prepare
Registering precompiled user dll's ...
Registered in 0.002465 seconds.
Begin MonoManager ReloadAssembly
Native extension for WindowsStandalone target not found
Native extension for Android target not found
Refreshing native plugins compatible for Editor in 0.61 ms, found 2 plugins.
Preloading 0 native plugins for Editor in 0.00 ms.
Mono: successfully reloaded assembly
- Completed reload, in  1.564 seconds
Domain Reload Profiling:
	ReloadAssembly (1565ms)
		BeginReloadAssembly (150ms)
			ExecutionOrderSort (0ms)
			DisableScriptedObjects (9ms)
			BackupInstance (0ms)
			ReleaseScriptingObjects (0ms)
			CreateAndSetChildDomain (40ms)
		EndReloadAssembly (1258ms)
			LoadAssemblies (102ms)
			RebuildTransferFunctionScriptingTraits (0ms)
			SetupTypeCache (257ms)
			ReleaseScriptCaches (1ms)
			RebuildScriptCaches (79ms)
			SetupLoadedEditorAssemblies (695ms)
				LogAssemblyErrors (0ms)
				InitializePlatformSupportModulesInManaged (46ms)
				SetLoadedEditorAssemblies (1ms)
				RefreshPlugins (1ms)
				BeforeProcessingInitializeOnLoad (107ms)
				ProcessInitializeOnLoadAttributes (460ms)
				ProcessInitializeOnLoadMethodAttributes (72ms)
				AfterProcessingInitializeOnLoad (8ms)
				EditorAssembliesLoaded (0ms)
			ExecutionOrderSort2 (0ms)
			AwakeInstancesAfterBackupRestoration (18ms)
Platform modules already initialized, skipping
Refreshing native plugins compatible for Editor in 2.04 ms, found 2 plugins.
Preloading 0 native plugins for Editor in 0.00 ms.
Unloading 2045 Unused Serialized files (Serialized files now loaded: 0)
Unloading 9 unused Assets / (31.7 KB). Loaded Objects now: 2547.
Memory consumption went from 87.0 MB to 87.0 MB.
Total: 3.624600 ms (FindLiveObjects: 0.183300 ms CreateObjectMapping: 0.045800 ms MarkObjects: 3.344100 ms  DeleteObjects: 0.050000 ms)

AssetImportParameters requested are different than current active one (requested -> active):
  custom:video-decoder-ogg-theora: a1e56fd34408186e4bbccfd4996cb3dc -> 
  custom:container-muxer-webm: aa71ff27fc2769a1b78a27578f13a17b -> 
  custom:container-demuxer-webm: 4f35f7cbe854078d1ac9338744f61a02 -> 
  custom:video-encoder-webm-vp8: eb34c28f22e8b96e1ab97ce403110664 -> 
  custom:audio-encoder-webm-vorbis: bf7c407c2cedff20999df2af8eb42d56 -> 
  custom:framework-win-MediaFoundation: 216162199b28c13a410421893ffa2e32 -> 
  custom:container-demuxer-ogg: 62fdf1f143b41e24485cea50d1cbac27 -> 
  custom:video-decoder-webm-vp8: 9c59270c3fd7afecdb556c50c9e8de78 -> 
  custom:audio-decoder-ogg-vorbis: bf7c407c2cedff20999df2af8eb42d56 -> 
========================================================================
Received Prepare
Registering precompiled user dll's ...
Registered in 0.002588 seconds.
Begin MonoManager ReloadAssembly
Native extension for WindowsStandalone target not found
Native extension for Android target not found
Refreshing native plugins compatible for Editor in 0.53 ms, found 2 plugins.
Preloading 0 native plugins for Editor in 0.00 ms.
Mono: successfully reloaded assembly
- Completed reload, in  1.222 seconds
Domain Reload Profiling:
	ReloadAssembly (1223ms)
		BeginReloadAssembly (174ms)
			ExecutionOrderSort (0ms)
			DisableScriptedObjects (10ms)
			BackupInstance (0ms)
			ReleaseScriptingObjects (0ms)
			CreateAndSetChildDomain (43ms)
		EndReloadAssembly (929ms)
			LoadAssemblies (106ms)
			RebuildTransferFunctionScriptingTraits (0ms)
			SetupTypeCache (214ms)
			ReleaseScriptCaches (2ms)
			RebuildScriptCaches (69ms)
			SetupLoadedEditorAssemblies (492ms)
				LogAssemblyErrors (0ms)
				InitializePlatformSupportModulesInManaged (29ms)
				SetLoadedEditorAssemblies (1ms)
				RefreshPlugins (1ms)
				BeforeProcessingInitializeOnLoad (64ms)
				ProcessInitializeOnLoadAttributes (348ms)
				ProcessInitializeOnLoadMethodAttributes (45ms)
				AfterProcessingInitializeOnLoad (5ms)
				EditorAssembliesLoaded (0ms)
			ExecutionOrderSort2 (0ms)
			AwakeInstancesAfterBackupRestoration (10ms)
Platform modules already initialized, skipping
Refreshing native plugins compatible for Editor in 1.77 ms, found 2 plugins.
Preloading 0 native plugins for Editor in 0.00 ms.
Unloading 2045 Unused Serialized files (Serialized files now loaded: 0)
Unloading 9 unused Assets / (31.8 KB). Loaded Objects now: 2549.
Memory consumption went from 87.0 MB to 87.0 MB.
Total: 3.826500 ms (FindLiveObjects: 0.188900 ms CreateObjectMapping: 0.045600 ms MarkObjects: 3.564100 ms  DeleteObjects: 0.025800 ms)

AssetImportParameters requested are different than current active one (requested -> active):
  custom:video-decoder-ogg-theora: a1e56fd34408186e4bbccfd4996cb3dc -> 
  custom:container-muxer-webm: aa71ff27fc2769a1b78a27578f13a17b -> 
  custom:container-demuxer-webm: 4f35f7cbe854078d1ac9338744f61a02 -> 
  custom:video-encoder-webm-vp8: eb34c28f22e8b96e1ab97ce403110664 -> 
  custom:audio-encoder-webm-vorbis: bf7c407c2cedff20999df2af8eb42d56 -> 
  custom:framework-win-MediaFoundation: 216162199b28c13a410421893ffa2e32 -> 
  custom:container-demuxer-ogg: 62fdf1f143b41e24485cea50d1cbac27 -> 
  custom:video-decoder-webm-vp8: 9c59270c3fd7afecdb556c50c9e8de78 -> 
  custom:audio-decoder-ogg-vorbis: bf7c407c2cedff20999df2af8eb42d56 -> 
========================================================================
Received Prepare
Registering precompiled user dll's ...
Registered in 0.003016 seconds.
Begin MonoManager ReloadAssembly
Native extension for WindowsStandalone target not found
Native extension for Android target not found
Refreshing native plugins compatible for Editor in 0.53 ms, found 2 plugins.
Preloading 0 native plugins for Editor in 0.00 ms.
Mono: successfully reloaded assembly
- Completed reload, in  1.234 seconds
Domain Reload Profiling:
	ReloadAssembly (1235ms)
		BeginReloadAssembly (174ms)
			ExecutionOrderSort (0ms)
			DisableScriptedObjects (10ms)
			BackupInstance (0ms)
			ReleaseScriptingObjects (0ms)
			CreateAndSetChildDomain (37ms)
		EndReloadAssembly (936ms)
			LoadAssemblies (113ms)
			RebuildTransferFunctionScriptingTraits (0ms)
			SetupTypeCache (220ms)
			ReleaseScriptCaches (2ms)
			RebuildScriptCaches (68ms)
			SetupLoadedEditorAssemblies (481ms)
				LogAssemblyErrors (0ms)
				InitializePlatformSupportModulesInManaged (28ms)
				SetLoadedEditorAssemblies (1ms)
				RefreshPlugins (1ms)
				BeforeProcessingInitializeOnLoad (74ms)
				ProcessInitializeOnLoadAttributes (325ms)
				ProcessInitializeOnLoadMethodAttributes (46ms)
				AfterProcessingInitializeOnLoad (5ms)
				EditorAssembliesLoaded (0ms)
			ExecutionOrderSort2 (0ms)
			AwakeInstancesAfterBackupRestoration (11ms)
Platform modules already initialized, skipping
Refreshing native plugins compatible for Editor in 1.37 ms, found 2 plugins.
Preloading 0 native plugins for Editor in 0.00 ms.
Unloading 2045 Unused Serialized files (Serialized files now loaded: 0)
Unloading 9 unused Assets / (31.8 KB). Loaded Objects now: 2551.
Memory consumption went from 87.0 MB to 87.0 MB.
Total: 4.088300 ms (FindLiveObjects: 0.298700 ms CreateObjectMapping: 0.052200 ms MarkObjects: 3.716300 ms  DeleteObjects: 0.019700 ms)

AssetImportParameters requested are different than current active one (requested -> active):
  custom:video-decoder-ogg-theora: a1e56fd34408186e4bbccfd4996cb3dc -> 
  custom:container-muxer-webm: aa71ff27fc2769a1b78a27578f13a17b -> 
  custom:container-demuxer-webm: 4f35f7cbe854078d1ac9338744f61a02 -> 
  custom:video-encoder-webm-vp8: eb34c28f22e8b96e1ab97ce403110664 -> 
  custom:audio-encoder-webm-vorbis: bf7c407c2cedff20999df2af8eb42d56 -> 
  custom:framework-win-MediaFoundation: 216162199b28c13a410421893ffa2e32 -> 
  custom:container-demuxer-ogg: 62fdf1f143b41e24485cea50d1cbac27 -> 
  custom:video-decoder-webm-vp8: 9c59270c3fd7afecdb556c50c9e8de78 -> 
  custom:audio-decoder-ogg-vorbis: bf7c407c2cedff20999df2af8eb42d56 -> 
========================================================================
Received Prepare
Registering precompiled user dll's ...
Registered in 0.006161 seconds.
Begin MonoManager ReloadAssembly
Native extension for WindowsStandalone target not found
Native extension for Android target not found
Refreshing native plugins compatible for Editor in 0.53 ms, found 2 plugins.
Preloading 0 native plugins for Editor in 0.00 ms.
Mono: successfully reloaded assembly
- Completed reload, in  1.273 seconds
Domain Reload Profiling:
	ReloadAssembly (1274ms)
		BeginReloadAssembly (218ms)
			ExecutionOrderSort (0ms)
			DisableScriptedObjects (10ms)
			BackupInstance (0ms)
			ReleaseScriptingObjects (0ms)
			CreateAndSetChildDomain (75ms)
		EndReloadAssembly (944ms)
			LoadAssemblies (116ms)
			RebuildTransferFunctionScriptingTraits (0ms)
			SetupTypeCache (224ms)
			ReleaseScriptCaches (2ms)
			RebuildScriptCaches (74ms)
			SetupLoadedEditorAssemblies (491ms)
				LogAssemblyErrors (0ms)
				InitializePlatformSupportModulesInManaged (28ms)
				SetLoadedEditorAssemblies (1ms)
				RefreshPlugins (1ms)
				BeforeProcessingInitializeOnLoad (67ms)
				ProcessInitializeOnLoadAttributes (342ms)
				ProcessInitializeOnLoadMethodAttributes (48ms)
				AfterProcessingInitializeOnLoad (4ms)
				EditorAssembliesLoaded (0ms)
			ExecutionOrderSort2 (0ms)
			AwakeInstancesAfterBackupRestoration (11ms)
Platform modules already initialized, skipping
Refreshing native plugins compatible for Editor in 1.77 ms, found 2 plugins.
Preloading 0 native plugins for Editor in 0.00 ms.
Unloading 2045 Unused Serialized files (Serialized files now loaded: 0)
Unloading 9 unused Assets / (31.8 KB). Loaded Objects now: 2553.
Memory consumption went from 87.0 MB to 86.9 MB.
Total: 3.869900 ms (FindLiveObjects: 0.195600 ms CreateObjectMapping: 0.047800 ms MarkObjects: 3.606900 ms  DeleteObjects: 0.017600 ms)

AssetImportParameters requested are different than current active one (requested -> active):
  custom:video-decoder-ogg-theora: a1e56fd34408186e4bbccfd4996cb3dc -> 
  custom:container-muxer-webm: aa71ff27fc2769a1b78a27578f13a17b -> 
  custom:container-demuxer-webm: 4f35f7cbe854078d1ac9338744f61a02 -> 
  custom:video-encoder-webm-vp8: eb34c28f22e8b96e1ab97ce403110664 -> 
  custom:audio-encoder-webm-vorbis: bf7c407c2cedff20999df2af8eb42d56 -> 
  custom:framework-win-MediaFoundation: 216162199b28c13a410421893ffa2e32 -> 
  custom:container-demuxer-ogg: 62fdf1f143b41e24485cea50d1cbac27 -> 
  custom:video-decoder-webm-vp8: 9c59270c3fd7afecdb556c50c9e8de78 -> 
  custom:audio-decoder-ogg-vorbis: bf7c407c2cedff20999df2af8eb42d56 -> 
========================================================================
Received Prepare
Registering precompiled user dll's ...
Registered in 0.002706 seconds.
Begin MonoManager ReloadAssembly
Native extension for WindowsStandalone target not found
Native extension for Android target not found
Refreshing native plugins compatible for Editor in 0.53 ms, found 2 plugins.
Preloading 0 native plugins for Editor in 0.00 ms.
Mono: successfully reloaded assembly
- Completed reload, in  1.061 seconds
Domain Reload Profiling:
	ReloadAssembly (1062ms)
		BeginReloadAssembly (148ms)
			ExecutionOrderSort (0ms)
			DisableScriptedObjects (10ms)
			BackupInstance (0ms)
			ReleaseScriptingObjects (0ms)
			CreateAndSetChildDomain (35ms)
		EndReloadAssembly (806ms)
			LoadAssemblies (90ms)
			RebuildTransferFunctionScriptingTraits (0ms)
			SetupTypeCache (239ms)
			ReleaseScriptCaches (1ms)
			RebuildScriptCaches (66ms)
			SetupLoadedEditorAssemblies (370ms)
				LogAssemblyErrors (0ms)
				InitializePlatformSupportModulesInManaged (25ms)
				SetLoadedEditorAssemblies (1ms)
				RefreshPlugins (1ms)
				BeforeProcessingInitializeOnLoad (60ms)
				ProcessInitializeOnLoadAttributes (244ms)
				ProcessInitializeOnLoadMethodAttributes (35ms)
				AfterProcessingInitializeOnLoad (4ms)
				EditorAssembliesLoaded (0ms)
			ExecutionOrderSort2 (0ms)
			AwakeInstancesAfterBackupRestoration (8ms)
Platform modules already initialized, skipping
Refreshing native plugins compatible for Editor in 1.25 ms, found 2 plugins.
Preloading 0 native plugins for Editor in 0.00 ms.
Unloading 2045 Unused Serialized files (Serialized files now loaded: 0)
Unloading 9 unused Assets / (31.7 KB). Loaded Objects now: 2555.
Memory consumption went from 87.1 MB to 87.0 MB.
Total: 3.218300 ms (FindLiveObjects: 0.195100 ms CreateObjectMapping: 0.054800 ms MarkObjects: 2.949400 ms  DeleteObjects: 0.017400 ms)

AssetImportParameters requested are different than current active one (requested -> active):
  custom:video-decoder-ogg-theora: a1e56fd34408186e4bbccfd4996cb3dc -> 
  custom:container-muxer-webm: aa71ff27fc2769a1b78a27578f13a17b -> 
  custom:container-demuxer-webm: 4f35f7cbe854078d1ac9338744f61a02 -> 
  custom:video-encoder-webm-vp8: eb34c28f22e8b96e1ab97ce403110664 -> 
  custom:audio-encoder-webm-vorbis: bf7c407c2cedff20999df2af8eb42d56 -> 
  custom:framework-win-MediaFoundation: 216162199b28c13a410421893ffa2e32 -> 
  custom:container-demuxer-ogg: 62fdf1f143b41e24485cea50d1cbac27 -> 
  custom:video-decoder-webm-vp8: 9c59270c3fd7afecdb556c50c9e8de78 -> 
  custom:audio-decoder-ogg-vorbis: bf7c407c2cedff20999df2af8eb42d56 -> 
========================================================================
Received Prepare
Registering precompiled user dll's ...
Registered in 0.004151 seconds.
Begin MonoManager ReloadAssembly
Native extension for WindowsStandalone target not found
Native extension for Android target not found
Refreshing native plugins compatible for Editor in 0.53 ms, found 2 plugins.
Preloading 0 native plugins for Editor in 0.00 ms.
Mono: successfully reloaded assembly
- Completed reload, in  1.151 seconds
Domain Reload Profiling:
	ReloadAssembly (1152ms)
		BeginReloadAssembly (157ms)
			ExecutionOrderSort (0ms)
			DisableScriptedObjects (10ms)
			BackupInstance (0ms)
			ReleaseScriptingObjects (0ms)
			CreateAndSetChildDomain (39ms)
		EndReloadAssembly (883ms)
			LoadAssemblies (93ms)
			RebuildTransferFunctionScriptingTraits (0ms)
			SetupTypeCache (218ms)
			ReleaseScriptCaches (1ms)
			RebuildScriptCaches (84ms)
			SetupLoadedEditorAssemblies (435ms)
				LogAssemblyErrors (0ms)
				InitializePlatformSupportModulesInManaged (27ms)
				SetLoadedEditorAssemblies (1ms)
				RefreshPlugins (1ms)
				BeforeProcessingInitializeOnLoad (62ms)
				ProcessInitializeOnLoadAttributes (300ms)
				ProcessInitializeOnLoadMethodAttributes (40ms)
				AfterProcessingInitializeOnLoad (4ms)
				EditorAssembliesLoaded (1ms)
			ExecutionOrderSort2 (0ms)
			AwakeInstancesAfterBackupRestoration (9ms)
Platform modules already initialized, skipping
Refreshing native plugins compatible for Editor in 1.34 ms, found 2 plugins.
Preloading 0 native plugins for Editor in 0.00 ms.
Unloading 2045 Unused Serialized files (Serialized files now loaded: 0)
Unloading 9 unused Assets / (31.7 KB). Loaded Objects now: 2557.
Memory consumption went from 87.1 MB to 87.0 MB.
Total: 3.474000 ms (FindLiveObjects: 0.259900 ms CreateObjectMapping: 0.067700 ms MarkObjects: 3.116400 ms  DeleteObjects: 0.019500 ms)

AssetImportParameters requested are different than current active one (requested -> active):
  custom:video-decoder-ogg-theora: a1e56fd34408186e4bbccfd4996cb3dc -> 
  custom:container-muxer-webm: aa71ff27fc2769a1b78a27578f13a17b -> 
  custom:container-demuxer-webm: 4f35f7cbe854078d1ac9338744f61a02 -> 
  custom:video-encoder-webm-vp8: eb34c28f22e8b96e1ab97ce403110664 -> 
  custom:audio-encoder-webm-vorbis: bf7c407c2cedff20999df2af8eb42d56 -> 
  custom:framework-win-MediaFoundation: 216162199b28c13a410421893ffa2e32 -> 
  custom:container-demuxer-ogg: 62fdf1f143b41e24485cea50d1cbac27 -> 
  custom:video-decoder-webm-vp8: 9c59270c3fd7afecdb556c50c9e8de78 -> 
  custom:audio-decoder-ogg-vorbis: bf7c407c2cedff20999df2af8eb42d56 -> 
========================================================================
Received Prepare
Registering precompiled user dll's ...
Registered in 0.002837 seconds.
Begin MonoManager ReloadAssembly
Native extension for WindowsStandalone target not found
Native extension for Android target not found
Refreshing native plugins compatible for Editor in 0.54 ms, found 2 plugins.
Preloading 0 native plugins for Editor in 0.00 ms.
Mono: successfully reloaded assembly
- Completed reload, in  1.170 seconds
Domain Reload Profiling:
	ReloadAssembly (1171ms)
		BeginReloadAssembly (168ms)
			ExecutionOrderSort (0ms)
			DisableScriptedObjects (14ms)
			BackupInstance (0ms)
			ReleaseScriptingObjects (0ms)
			CreateAndSetChildDomain (39ms)
		EndReloadAssembly (890ms)
			LoadAssemblies (91ms)
			RebuildTransferFunctionScriptingTraits (0ms)
			SetupTypeCache (214ms)
			ReleaseScriptCaches (2ms)
			RebuildScriptCaches (69ms)
			SetupLoadedEditorAssemblies (473ms)
				LogAssemblyErrors (0ms)
				InitializePlatformSupportModulesInManaged (29ms)
				SetLoadedEditorAssemblies (1ms)
				RefreshPlugins (1ms)
				BeforeProcessingInitializeOnLoad (75ms)
				ProcessInitializeOnLoadAttributes (322ms)
				ProcessInitializeOnLoadMethodAttributes (40ms)
				AfterProcessingInitializeOnLoad (4ms)
				EditorAssembliesLoaded (0ms)
			ExecutionOrderSort2 (0ms)
			AwakeInstancesAfterBackupRestoration (8ms)
Platform modules already initialized, skipping
Refreshing native plugins compatible for Editor in 1.33 ms, found 2 plugins.
Preloading 0 native plugins for Editor in 0.00 ms.
Unloading 2045 Unused Serialized files (Serialized files now loaded: 0)
Unloading 9 unused Assets / (31.7 KB). Loaded Objects now: 2559.
Memory consumption went from 87.1 MB to 87.0 MB.
Total: 4.631400 ms (FindLiveObjects: 0.193200 ms CreateObjectMapping: 0.047500 ms MarkObjects: 4.369500 ms  DeleteObjects: 0.019100 ms)

AssetImportParameters requested are different than current active one (requested -> active):
  custom:video-decoder-ogg-theora: a1e56fd34408186e4bbccfd4996cb3dc -> 
  custom:container-muxer-webm: aa71ff27fc2769a1b78a27578f13a17b -> 
  custom:container-demuxer-webm: 4f35f7cbe854078d1ac9338744f61a02 -> 
  custom:video-encoder-webm-vp8: eb34c28f22e8b96e1ab97ce403110664 -> 
  custom:audio-encoder-webm-vorbis: bf7c407c2cedff20999df2af8eb42d56 -> 
  custom:framework-win-MediaFoundation: 216162199b28c13a410421893ffa2e32 -> 
  custom:container-demuxer-ogg: 62fdf1f143b41e24485cea50d1cbac27 -> 
  custom:video-decoder-webm-vp8: 9c59270c3fd7afecdb556c50c9e8de78 -> 
  custom:audio-decoder-ogg-vorbis: bf7c407c2cedff20999df2af8eb42d56 -> 
========================================================================
Received Import Request.
  Time since last request: 549.107718 seconds.
  path: Assets/Data/Audio/SE/Collapse1.ogg
  artifactKey: Guid(fbf3bc1cb24df124f9846d34ea2639eb) Importer(815301076,1909f56bfc062723c751e8b465ee728b)
Start importing Assets/Data/Audio/SE/Collapse1.ogg using Guid(fbf3bc1cb24df124f9846d34ea2639eb) Importer(815301076,1909f56bfc062723c751e8b465ee728b)  -> (artifact id: 'c3477b017696dfd8de6d1fbb0381696b') in 0.067134 seconds 
========================================================================
Received Prepare
Registering precompiled user dll's ...
Registered in 0.002502 seconds.
Begin MonoManager ReloadAssembly
Native extension for WindowsStandalone target not found
Native extension for Android target not found
Refreshing native plugins compatible for Editor in 0.54 ms, found 2 plugins.
Preloading 0 native plugins for Editor in 0.00 ms.
Mono: successfully reloaded assembly
- Completed reload, in  1.394 seconds
Domain Reload Profiling:
	ReloadAssembly (1395ms)
		BeginReloadAssembly (197ms)
			ExecutionOrderSort (0ms)
			DisableScriptedObjects (20ms)
			BackupInstance (0ms)
			ReleaseScriptingObjects (0ms)
			CreateAndSetChildDomain (49ms)
		EndReloadAssembly (1054ms)
			LoadAssemblies (105ms)
			RebuildTransferFunctionScriptingTraits (0ms)
			SetupTypeCache (293ms)
			ReleaseScriptCaches (1ms)
			RebuildScriptCaches (82ms)
			SetupLoadedEditorAssemblies (515ms)
				LogAssemblyErrors (0ms)
				InitializePlatformSupportModulesInManaged (28ms)
				SetLoadedEditorAssemblies (1ms)
				RefreshPlugins (1ms)
				BeforeProcessingInitializeOnLoad (65ms)
				ProcessInitializeOnLoadAttributes (372ms)
				ProcessInitializeOnLoadMethodAttributes (44ms)
				AfterProcessingInitializeOnLoad (5ms)
				EditorAssembliesLoaded (0ms)
			ExecutionOrderSort2 (0ms)
			AwakeInstancesAfterBackupRestoration (9ms)
Platform modules already initialized, skipping
Refreshing native plugins compatible for Editor in 1.41 ms, found 2 plugins.
Preloading 0 native plugins for Editor in 0.00 ms.
Unloading 2045 Unused Serialized files (Serialized files now loaded: 0)
Unloading 9 unused Assets / (31.7 KB). Loaded Objects now: 2561.
Memory consumption went from 87.1 MB to 87.1 MB.
Total: 4.624800 ms (FindLiveObjects: 0.199300 ms CreateObjectMapping: 0.055200 ms MarkObjects: 4.349400 ms  DeleteObjects: 0.019300 ms)

AssetImportParameters requested are different than current active one (requested -> active):
  custom:video-decoder-ogg-theora: a1e56fd34408186e4bbccfd4996cb3dc -> 
  custom:container-muxer-webm: aa71ff27fc2769a1b78a27578f13a17b -> 
  custom:container-demuxer-webm: 4f35f7cbe854078d1ac9338744f61a02 -> 
  custom:video-encoder-webm-vp8: eb34c28f22e8b96e1ab97ce403110664 -> 
  custom:audio-encoder-webm-vorbis: bf7c407c2cedff20999df2af8eb42d56 -> 
  custom:framework-win-MediaFoundation: 216162199b28c13a410421893ffa2e32 -> 
  custom:container-demuxer-ogg: 62fdf1f143b41e24485cea50d1cbac27 -> 
  custom:video-decoder-webm-vp8: 9c59270c3fd7afecdb556c50c9e8de78 -> 
  custom:audio-decoder-ogg-vorbis: bf7c407c2cedff20999df2af8eb42d56 -> 
========================================================================
Received Import Request.
  Time since last request: 118.182475 seconds.
  path: Assets/Data/Battlers/Characters/AgridBattler.prefab
  artifactKey: Guid(bc63c8118713ca84f95a8155c6b71c0a) Importer(815301076,1909f56bfc062723c751e8b465ee728b)
Start importing Assets/Data/Battlers/Characters/AgridBattler.prefab using Guid(bc63c8118713ca84f95a8155c6b71c0a) Importer(815301076,1909f56bfc062723c751e8b465ee728b)  -> (artifact id: '1142147c86290364379b7735c626f962') in 0.094017 seconds 
========================================================================
Received Import Request.
  Time since last request: 0.000035 seconds.
  path: Assets/Data/Battlers/Characters/LougaBattler.prefab
  artifactKey: Guid(edf164d558842b84786dfee8d84fa8aa) Importer(815301076,1909f56bfc062723c751e8b465ee728b)
Start importing Assets/Data/Battlers/Characters/LougaBattler.prefab using Guid(edf164d558842b84786dfee8d84fa8aa) Importer(815301076,1909f56bfc062723c751e8b465ee728b)  -> (artifact id: '827eed6a8f9a4d628bf31247e7e85c88') in 0.028848 seconds 
========================================================================
Received Import Request.
  Time since last request: 0.000037 seconds.
  path: Assets/Data/Battlers/Characters/KristinaBattler.prefab
  artifactKey: Guid(2e99afa15b254e2459a2bc198baa0e4d) Importer(815301076,1909f56bfc062723c751e8b465ee728b)
Start importing Assets/Data/Battlers/Characters/KristinaBattler.prefab using Guid(2e99afa15b254e2459a2bc198baa0e4d) Importer(815301076,1909f56bfc062723c751e8b465ee728b)  -> (artifact id: 'de851153482f9dc4f5a110397d41a81d') in 0.030181 seconds 
========================================================================
Received Import Request.
  Time since last request: 0.000026 seconds.
  path: Assets/Data/Battlers/Characters/WarlokBattler.prefab
  artifactKey: Guid(e84f0a689879f9442b183937901217ef) Importer(815301076,1909f56bfc062723c751e8b465ee728b)
Start importing Assets/Data/Battlers/Characters/WarlokBattler.prefab using Guid(e84f0a689879f9442b183937901217ef) Importer(815301076,1909f56bfc062723c751e8b465ee728b)  -> (artifact id: 'd49e439825b630ac6313d549fed0ceff') in 0.033161 seconds 
========================================================================
Received Import Request.
  Time since last request: 0.000026 seconds.
  path: Assets/Data/Battlers/Characters/KolibriBattler.prefab
  artifactKey: Guid(1af60428ba8c1524080f54fbb9e281c7) Importer(815301076,1909f56bfc062723c751e8b465ee728b)
Start importing Assets/Data/Battlers/Characters/KolibriBattler.prefab using Guid(1af60428ba8c1524080f54fbb9e281c7) Importer(815301076,1909f56bfc062723c751e8b465ee728b)  -> (artifact id: 'acc3fdaba23c6eaaf543689ac7caaa6a') in 0.034468 seconds 
========================================================================
Received Import Request.
  Time since last request: 0.000029 seconds.
  path: Assets/Data/Battlers/Characters/MagnusBattler.prefab
  artifactKey: Guid(686f585c34e4ff340a4fec7691256d33) Importer(815301076,1909f56bfc062723c751e8b465ee728b)
Start importing Assets/Data/Battlers/Characters/MagnusBattler.prefab using Guid(686f585c34e4ff340a4fec7691256d33) Importer(815301076,1909f56bfc062723c751e8b465ee728b)  -> (artifact id: 'e9e00b4e9cb021d38514353feab1da08') in 0.032824 seconds 
========================================================================
Received Import Request.
  Time since last request: 7.270592 seconds.
  path: Assets/Data/Battlers/Characters/KolibriBattler.prefab
  artifactKey: Guid(1af60428ba8c1524080f54fbb9e281c7) Importer(815301076,1909f56bfc062723c751e8b465ee728b)
Start importing Assets/Data/Battlers/Characters/KolibriBattler.prefab using Guid(1af60428ba8c1524080f54fbb9e281c7) Importer(815301076,1909f56bfc062723c751e8b465ee728b)  -> (artifact id: '592ff26009aa70a7d0f578b8fb807d36') in 0.027494 seconds 
========================================================================
Received Import Request.
  Time since last request: 0.000024 seconds.
  path: Assets/Data/Battlers/Characters/KristinaBattler.prefab
  artifactKey: Guid(2e99afa15b254e2459a2bc198baa0e4d) Importer(815301076,1909f56bfc062723c751e8b465ee728b)
Start importing Assets/Data/Battlers/Characters/KristinaBattler.prefab using Guid(2e99afa15b254e2459a2bc198baa0e4d) Importer(815301076,1909f56bfc062723c751e8b465ee728b)  -> (artifact id: '875bf3672e23721c19fab9614cc4171f') in 0.028678 seconds 
========================================================================
Received Import Request.
  Time since last request: 32.995389 seconds.
  path: Assets/Data/Animations/MainCharacters/Kolibri/KolibriController.controller
  artifactKey: Guid(06b5067e6c6aea0468d4605108fb0b47) Importer(815301076,1909f56bfc062723c751e8b465ee728b)
Start importing Assets/Data/Animations/MainCharacters/Kolibri/KolibriController.controller using Guid(06b5067e6c6aea0468d4605108fb0b47) Importer(815301076,1909f56bfc062723c751e8b465ee728b)  -> (artifact id: 'b64a9649e6cbe7bc209c999d3620ca41') in 0.010366 seconds 
========================================================================
Received Import Request.
  Time since last request: 69.371519 seconds.
  path: Assets/Data/Battlers/Characters/KolibriBattler.prefab
  artifactKey: Guid(1af60428ba8c1524080f54fbb9e281c7) Importer(815301076,1909f56bfc062723c751e8b465ee728b)
Start importing Assets/Data/Battlers/Characters/KolibriBattler.prefab using Guid(1af60428ba8c1524080f54fbb9e281c7) Importer(815301076,1909f56bfc062723c751e8b465ee728b)  -> (artifact id: 'fcf8b26de9810fc1fa6bbce83a19464b') in 0.020837 seconds 
========================================================================
Received Import Request.
  Time since last request: 28.331137 seconds.
  path: Assets/Data/Battlers/Characters/KolibriBattler.prefab
  artifactKey: Guid(1af60428ba8c1524080f54fbb9e281c7) Importer(815301076,1909f56bfc062723c751e8b465ee728b)
Start importing Assets/Data/Battlers/Characters/KolibriBattler.prefab using Guid(1af60428ba8c1524080f54fbb9e281c7) Importer(815301076,1909f56bfc062723c751e8b465ee728b)  -> (artifact id: '0869fdf6bb69a764ccfafede4f9926a4') in 0.035524 seconds 
========================================================================
Received Import Request.
  Time since last request: 17.862088 seconds.
  path: Assets/Data/Battlers/Characters/LougaBattler.prefab
  artifactKey: Guid(edf164d558842b84786dfee8d84fa8aa) Importer(815301076,1909f56bfc062723c751e8b465ee728b)
Start importing Assets/Data/Battlers/Characters/LougaBattler.prefab using Guid(edf164d558842b84786dfee8d84fa8aa) Importer(815301076,1909f56bfc062723c751e8b465ee728b)  -> (artifact id: '6cbe9f764d40c3eda060beb9cc0d7d49') in 0.025279 seconds 
========================================================================
Received Import Request.
  Time since last request: 8.891643 seconds.
  path: Assets/Data/Battlers/Characters/MagnusBattler.prefab
  artifactKey: Guid(686f585c34e4ff340a4fec7691256d33) Importer(815301076,1909f56bfc062723c751e8b465ee728b)
Start importing Assets/Data/Battlers/Characters/MagnusBattler.prefab using Guid(686f585c34e4ff340a4fec7691256d33) Importer(815301076,1909f56bfc062723c751e8b465ee728b)  -> (artifact id: '2e136bca5e9cc924ded6dc88054afe0d') in 0.025941 seconds 
========================================================================
Received Import Request.
  Time since last request: 7.489928 seconds.
  path: Assets/Data/Battlers/Characters/WarlokBattler.prefab
  artifactKey: Guid(e84f0a689879f9442b183937901217ef) Importer(815301076,1909f56bfc062723c751e8b465ee728b)
Start importing Assets/Data/Battlers/Characters/WarlokBattler.prefab using Guid(e84f0a689879f9442b183937901217ef) Importer(815301076,1909f56bfc062723c751e8b465ee728b)  -> (artifact id: 'c7ef30906b46c118b39892116c099370') in 0.025720 seconds 
========================================================================
Received Prepare
Registering precompiled user dll's ...
Registered in 0.004564 seconds.
Begin MonoManager ReloadAssembly
Native extension for WindowsStandalone target not found
Native extension for Android target not found
Refreshing native plugins compatible for Editor in 0.72 ms, found 2 plugins.
Preloading 0 native plugins for Editor in 0.00 ms.
Mono: successfully reloaded assembly
- Completed reload, in  1.482 seconds
Domain Reload Profiling:
	ReloadAssembly (1483ms)
		BeginReloadAssembly (212ms)
			ExecutionOrderSort (0ms)
			DisableScriptedObjects (11ms)
			BackupInstance (0ms)
			ReleaseScriptingObjects (0ms)
			CreateAndSetChildDomain (56ms)
		EndReloadAssembly (1145ms)
			LoadAssemblies (110ms)
			RebuildTransferFunctionScriptingTraits (0ms)
			SetupTypeCache (244ms)
			ReleaseScriptCaches (2ms)
			RebuildScriptCaches (111ms)
			SetupLoadedEditorAssemblies (606ms)
				LogAssemblyErrors (0ms)
				InitializePlatformSupportModulesInManaged (42ms)
				SetLoadedEditorAssemblies (1ms)
				RefreshPlugins (1ms)
				BeforeProcessingInitializeOnLoad (91ms)
				ProcessInitializeOnLoadAttributes (406ms)
				ProcessInitializeOnLoadMethodAttributes (57ms)
				AfterProcessingInitializeOnLoad (7ms)
				EditorAssembliesLoaded (0ms)
			ExecutionOrderSort2 (0ms)
			AwakeInstancesAfterBackupRestoration (13ms)
Platform modules already initialized, skipping
Refreshing native plugins compatible for Editor in 1.62 ms, found 2 plugins.
Preloading 0 native plugins for Editor in 0.00 ms.
Unloading 2045 Unused Serialized files (Serialized files now loaded: 0)
Unloading 9 unused Assets / (31.7 KB). Loaded Objects now: 2563.
Memory consumption went from 87.1 MB to 87.0 MB.
Total: 3.948300 ms (FindLiveObjects: 0.209500 ms CreateObjectMapping: 0.048700 ms MarkObjects: 3.670300 ms  DeleteObjects: 0.018300 ms)

AssetImportParameters requested are different than current active one (requested -> active):
  custom:video-decoder-ogg-theora: a1e56fd34408186e4bbccfd4996cb3dc -> 
  custom:container-muxer-webm: aa71ff27fc2769a1b78a27578f13a17b -> 
  custom:container-demuxer-webm: 4f35f7cbe854078d1ac9338744f61a02 -> 
  custom:video-encoder-webm-vp8: eb34c28f22e8b96e1ab97ce403110664 -> 
  custom:audio-encoder-webm-vorbis: bf7c407c2cedff20999df2af8eb42d56 -> 
  custom:framework-win-MediaFoundation: 216162199b28c13a410421893ffa2e32 -> 
  custom:container-demuxer-ogg: 62fdf1f143b41e24485cea50d1cbac27 -> 
  custom:video-decoder-webm-vp8: 9c59270c3fd7afecdb556c50c9e8de78 -> 
  custom:audio-decoder-ogg-vorbis: bf7c407c2cedff20999df2af8eb42d56 -> 
========================================================================
Received Import Request.
  Time since last request: 426.801102 seconds.
  path: Assets/Data/Audio/SE/Blow3.ogg
  artifactKey: Guid(71eba306a221e0140bdf765791650545) Importer(815301076,1909f56bfc062723c751e8b465ee728b)
Start importing Assets/Data/Audio/SE/Blow3.ogg using Guid(71eba306a221e0140bdf765791650545) Importer(815301076,1909f56bfc062723c751e8b465ee728b)  -> (artifact id: '63d2f35798bb78d2f7795745d367e0d2') in 0.078435 seconds 
========================================================================
Received Import Request.
  Time since last request: 28.110900 seconds.
  path: Assets/Data/Weapons/FistStrike.prefab
  artifactKey: Guid(deda251152343b948850e26f9a97adee) Importer(815301076,1909f56bfc062723c751e8b465ee728b)
Start importing Assets/Data/Weapons/FistStrike.prefab using Guid(deda251152343b948850e26f9a97adee) Importer(815301076,1909f56bfc062723c751e8b465ee728b)  -> (artifact id: 'd60aedc0e10c2b7fa540db46544f2863') in 0.055734 seconds 
========================================================================
Received Prepare
Registering precompiled user dll's ...
Registered in 0.022414 seconds.
Begin MonoManager ReloadAssembly
Native extension for WindowsStandalone target not found
Native extension for Android target not found
Refreshing native plugins compatible for Editor in 2.09 ms, found 2 plugins.
Preloading 0 native plugins for Editor in 0.00 ms.
Mono: successfully reloaded assembly
- Completed reload, in  1.964 seconds
Domain Reload Profiling:
	ReloadAssembly (1965ms)
		BeginReloadAssembly (223ms)
			ExecutionOrderSort (0ms)
			DisableScriptedObjects (10ms)
			BackupInstance (0ms)
			ReleaseScriptingObjects (0ms)
			CreateAndSetChildDomain (66ms)
		EndReloadAssembly (1529ms)
			LoadAssemblies (142ms)
			RebuildTransferFunctionScriptingTraits (0ms)
			SetupTypeCache (497ms)
			ReleaseScriptCaches (4ms)
			RebuildScriptCaches (196ms)
			SetupLoadedEditorAssemblies (567ms)
				LogAssemblyErrors (0ms)
				InitializePlatformSupportModulesInManaged (39ms)
				SetLoadedEditorAssemblies (1ms)
				RefreshPlugins (2ms)
				BeforeProcessingInitializeOnLoad (87ms)
				ProcessInitializeOnLoadAttributes (375ms)
				ProcessInitializeOnLoadMethodAttributes (58ms)
				AfterProcessingInitializeOnLoad (5ms)
				EditorAssembliesLoaded (0ms)
			ExecutionOrderSort2 (0ms)
			AwakeInstancesAfterBackupRestoration (14ms)
Platform modules already initialized, skipping
Refreshing native plugins compatible for Editor in 2.18 ms, found 2 plugins.
Preloading 0 native plugins for Editor in 0.00 ms.
Unloading 2045 Unused Serialized files (Serialized files now loaded: 0)
Unloading 9 unused Assets / (31.7 KB). Loaded Objects now: 2565.
Memory consumption went from 87.2 MB to 87.1 MB.
Total: 5.955300 ms (FindLiveObjects: 0.197000 ms CreateObjectMapping: 0.046600 ms MarkObjects: 5.691400 ms  DeleteObjects: 0.018500 ms)

AssetImportParameters requested are different than current active one (requested -> active):
  custom:video-decoder-ogg-theora: a1e56fd34408186e4bbccfd4996cb3dc -> 
  custom:container-muxer-webm: aa71ff27fc2769a1b78a27578f13a17b -> 
  custom:container-demuxer-webm: 4f35f7cbe854078d1ac9338744f61a02 -> 
  custom:video-encoder-webm-vp8: eb34c28f22e8b96e1ab97ce403110664 -> 
  custom:audio-encoder-webm-vorbis: bf7c407c2cedff20999df2af8eb42d56 -> 
  custom:framework-win-MediaFoundation: 216162199b28c13a410421893ffa2e32 -> 
  custom:container-demuxer-ogg: 62fdf1f143b41e24485cea50d1cbac27 -> 
  custom:video-decoder-webm-vp8: 9c59270c3fd7afecdb556c50c9e8de78 -> 
  custom:audio-decoder-ogg-vorbis: bf7c407c2cedff20999df2af8eb42d56 -> 
